d:\projects\programming\sourcemod\escghn\escghn\game\client\debug_mod_hl2\client.pch
d:\projects\programming\sourcemod\escghn\escghn\game\client\debug_mod_hl2\vc143.pdb
d:\projects\programming\sourcemod\escghn\escghn\game\client\debug_mod_hl2\vc143.idb
d:\projects\programming\sourcemod\escghn\escghn\game\client\debug_mod_hl2\stdafx.obj
d:\projects\programming\sourcemod\escghn\escghn\game\client\debug_mod_hl2\animatedtextureproxy.obj
d:\projects\programming\sourcemod\escghn\escghn\game\client\debug_mod_hl2\baseviewmodel_shared.obj
d:\projects\programming\sourcemod\escghn\escghn\game\client\debug_mod_hl2\c_env_projectedtexture.obj
d:\projects\programming\sourcemod\escghn\escghn\game\client\debug_mod_hl2\c_func_tracktrain.obj
d:\projects\programming\sourcemod\escghn\escghn\game\client\debug_mod_hl2\c_slideshow_display.obj
d:\projects\programming\sourcemod\escghn\escghn\game\client\debug_mod_hl2\cdll_bounded_cvars.obj
d:\projects\programming\sourcemod\escghn\escghn\game\client\debug_mod_hl2\commentary_modelviewer.obj
d:\projects\programming\sourcemod\escghn\escghn\game\client\debug_mod_hl2\gametrace_client.obj
d:\projects\programming\sourcemod\escghn\escghn\game\client\debug_mod_hl2\hud_basechat.obj
d:\projects\programming\sourcemod\escghn\escghn\game\client\debug_mod_hl2\mapentities_shared.obj
d:\projects\programming\sourcemod\escghn\escghn\game\client\debug_mod_hl2\particles_ez.obj
d:\projects\programming\sourcemod\escghn\escghn\game\client\debug_mod_hl2\prediction.obj
d:\projects\programming\sourcemod\escghn\escghn\game\client\debug_mod_hl2\usermessages.obj
d:\projects\programming\sourcemod\escghn\escghn\game\client\debug_mod_hl2\vgui_messagechars.obj
d:\projects\programming\sourcemod\escghn\escghn\game\client\debug_mod_hl2\waterlodmaterialproxy.obj
d:\projects\programming\sourcemod\escghn\escghn\game\client\debug_mod_hl2\teammenu.obj
d:\projects\programming\sourcemod\escghn\escghn\game\client\debug_mod_hl2\c_script_intro.obj
d:\projects\programming\sourcemod\escghn\escghn\game\client\debug_mod_hl2\fx_hl2_tracers.obj
d:\projects\programming\sourcemod\escghn\escghn\game\client\debug_mod_hl2\hud_squadstatus.obj
d:\projects\programming\sourcemod\escghn\escghn\game\client\debug_mod_hl2\c_te_beaments.obj
d:\projects\programming\sourcemod\escghn\escghn\game\client\debug_mod_hl2\c_te_fizz.obj
d:\projects\programming\sourcemod\escghn\escghn\game\client\debug_mod_hl2\fx.obj
d:\projects\programming\sourcemod\escghn\escghn\game\client\debug_mod_hl2\replaycamera.obj
d:\projects\programming\sourcemod\escghn\escghn\game\client\debug_mod_hl2\basegrenade_shared.obj
d:\projects\programming\sourcemod\escghn\escghn\game\client\debug_mod_hl2\c_basecombatweapon.obj
d:\projects\programming\sourcemod\escghn\escghn\game\client\debug_mod_hl2\c_func_occluder.obj
d:\projects\programming\sourcemod\escghn\escghn\game\client\debug_mod_hl2\c_playerresource.obj
d:\projects\programming\sourcemod\escghn\escghn\game\client\debug_mod_hl2\c_waterlodcontrol.obj
d:\projects\programming\sourcemod\escghn\escghn\game\client\debug_mod_hl2\clientmode_shared.obj
d:\projects\programming\sourcemod\escghn\escghn\game\client\debug_mod_hl2\glow_overlay.obj
d:\projects\programming\sourcemod\escghn\escghn\game\client\debug_mod_hl2\hud_crosshair.obj
d:\projects\programming\sourcemod\escghn\escghn\game\client\debug_mod_hl2\lampbeamproxy.obj
d:\projects\programming\sourcemod\escghn\escghn\game\client\debug_mod_hl2\particlemgr.obj
d:\projects\programming\sourcemod\escghn\escghn\game\client\debug_mod_hl2\recvproxy.obj
d:\projects\programming\sourcemod\escghn\escghn\game\client\debug_mod_hl2\teamplayroundbased_gamerules.obj
d:\projects\programming\sourcemod\escghn\escghn\game\client\debug_mod_hl2\vgui_video.obj
d:\projects\programming\sourcemod\escghn\escghn\game\client\debug_mod_hl2\basemodel_panel.obj
d:\projects\programming\sourcemod\escghn\escghn\game\client\debug_mod_hl2\c_citadel_effects.obj
d:\projects\programming\sourcemod\escghn\escghn\game\client\debug_mod_hl2\c_thumper_dust.obj
d:\projects\programming\sourcemod\escghn\escghn\game\client\debug_mod_hl2\hl2_clientmode.obj
d:\projects\programming\sourcemod\escghn\escghn\game\client\debug_mod_hl2\c_prop_vehicle.obj
d:\projects\programming\sourcemod\escghn\escghn\game\client\debug_mod_hl2\c_te_impact.obj
d:\projects\programming\sourcemod\escghn\escghn\game\client\debug_mod_hl2\c_tracer.obj
d:\projects\programming\sourcemod\escghn\escghn\game\client\debug_mod_hl2\cdll_replay.obj
d:\projects\programming\sourcemod\escghn\escghn\game\client\debug_mod_hl2\baseparticleentity.obj
d:\projects\programming\sourcemod\escghn\escghn\game\client\debug_mod_hl2\c_basedoor.obj
d:\projects\programming\sourcemod\escghn\escghn\game\client\debug_mod_hl2\c_func_areaportalwindow.obj
d:\projects\programming\sourcemod\escghn\escghn\game\client\debug_mod_hl2\c_physbox.obj
d:\projects\programming\sourcemod\escghn\escghn\game\client\debug_mod_hl2\c_sun.obj
d:\projects\programming\sourcemod\escghn\escghn\game\client\debug_mod_hl2\cam_thirdperson.obj
d:\projects\programming\sourcemod\escghn\escghn\game\client\debug_mod_hl2\clientsteamcontext.obj
d:\projects\programming\sourcemod\escghn\escghn\game\client\debug_mod_hl2\eventlist.obj
d:\projects\programming\sourcemod\escghn\escghn\game\client\debug_mod_hl2\gamemovement.obj
d:\projects\programming\sourcemod\escghn\escghn\game\client\debug_mod_hl2\hud_element_helper.obj
d:\projects\programming\sourcemod\escghn\escghn\game\client\debug_mod_hl2\hud_weapon.obj
d:\projects\programming\sourcemod\escghn\escghn\game\client\debug_mod_hl2\particle_parse.obj
d:\projects\programming\sourcemod\escghn\escghn\game\client\debug_mod_hl2\predictableid.obj
d:\projects\programming\sourcemod\escghn\escghn\game\client\debug_mod_hl2\simple_keys.obj
d:\projects\programming\sourcemod\escghn\escghn\game\client\debug_mod_hl2\test_ehandle.obj
d:\projects\programming\sourcemod\escghn\escghn\game\client\debug_mod_hl2\vgui_consolepanel.obj
d:\projects\programming\sourcemod\escghn\escghn\game\client\debug_mod_hl2\view_scene.obj
d:\projects\programming\sourcemod\escghn\escghn\game\client\debug_mod_hl2\commandmenu.obj
d:\projects\programming\sourcemod\escghn\escghn\game\client\debug_mod_hl2\c_basehlplayer.obj
d:\projects\programming\sourcemod\escghn\escghn\game\client\debug_mod_hl2\c_vehicle_airboat.obj
d:\projects\programming\sourcemod\escghn\escghn\game\client\debug_mod_hl2\hud_blood.obj
d:\projects\programming\sourcemod\escghn\escghn\game\client\debug_mod_hl2\sixense_convars.obj
d:\projects\programming\sourcemod\escghn\escghn\game\client\debug_mod_hl2\c_te_beamentpoint.obj
d:\projects\programming\sourcemod\escghn\escghn\game\client\debug_mod_hl2\c_te_energysplash.obj
d:\projects\programming\sourcemod\escghn\escghn\game\client\debug_mod_hl2\c_te_sparks.obj
d:\projects\programming\sourcemod\escghn\escghn\game\client\debug_mod_hl2\activitylist.obj
d:\projects\programming\sourcemod\escghn\escghn\game\client\debug_mod_hl2\c_baseanimating.obj
d:\projects\programming\sourcemod\escghn\escghn\game\client\debug_mod_hl2\c_physmagnet.obj
d:\projects\programming\sourcemod\escghn\escghn\game\client\debug_mod_hl2\c_team_objectiveresource.obj
d:\projects\programming\sourcemod\escghn\escghn\game\client\debug_mod_hl2\classmap.obj
d:\projects\programming\sourcemod\escghn\escghn\game\client\debug_mod_hl2\detailobjectsystem.obj
d:\projects\programming\sourcemod\escghn\escghn\game\client\debug_mod_hl2\haptic_msgs.obj
d:\projects\programming\sourcemod\escghn\escghn\game\client\debug_mod_hl2\hud_numericdisplay.obj
d:\projects\programming\sourcemod\escghn\escghn\game\client\debug_mod_hl2\mp_shareddefs.obj
d:\projects\programming\sourcemod\escghn\escghn\game\client\debug_mod_hl2\particles_simple.obj
d:\projects\programming\sourcemod\escghn\escghn\game\client\debug_mod_hl2\proxypupil.obj
d:\projects\programming\sourcemod\escghn\escghn\game\client\debug_mod_hl2\spritemodel.obj
d:\projects\programming\sourcemod\escghn\escghn\game\client\debug_mod_hl2\vgui_bitmapimage.obj
d:\projects\programming\sourcemod\escghn\escghn\game\client\debug_mod_hl2\view_effects.obj
d:\projects\programming\sourcemod\escghn\escghn\game\client\debug_mod_hl2\iconpanel.obj
d:\projects\programming\sourcemod\escghn\escghn\game\client\debug_mod_hl2\c_basehlcombatweapon.obj
d:\projects\programming\sourcemod\escghn\escghn\game\client\debug_mod_hl2\c_te_flare.obj
d:\projects\programming\sourcemod\escghn\escghn\game\client\debug_mod_hl2\hl2_gamerules.obj
d:\projects\programming\sourcemod\escghn\escghn\game\client\debug_mod_hl2\hud_zoom.obj
d:\projects\programming\sourcemod\escghn\escghn\game\client\debug_mod_hl2\c_te_beamfollow.obj
d:\projects\programming\sourcemod\escghn\escghn\game\client\debug_mod_hl2\c_te_footprint.obj
d:\projects\programming\sourcemod\escghn\escghn\game\client\debug_mod_hl2\c_testtraceline.obj
d:\projects\programming\sourcemod\escghn\escghn\game\client\debug_mod_hl2\animatespecifictextureproxy.obj
d:\projects\programming\sourcemod\escghn\escghn\game\client\debug_mod_hl2\beamdraw.obj
d:\projects\programming\sourcemod\escghn\escghn\game\client\debug_mod_hl2\c_env_screenoverlay.obj
d:\projects\programming\sourcemod\escghn\escghn\game\client\debug_mod_hl2\c_info_overlay_accessor.obj
d:\projects\programming\sourcemod\escghn\escghn\game\client\debug_mod_hl2\c_spotlight_end.obj
d:\projects\programming\sourcemod\escghn\escghn\game\client\debug_mod_hl2\c_test_proxytoggle.obj
d:\projects\programming\sourcemod\escghn\escghn\game\client\debug_mod_hl2\client_factorylist.obj
d:\projects\programming\sourcemod\escghn\escghn\game\client\debug_mod_hl2\decals.obj
d:\projects\programming\sourcemod\escghn\escghn\game\client\debug_mod_hl2\gamerules_register.obj
d:\projects\programming\sourcemod\escghn\escghn\game\client\debug_mod_hl2\haptic_utils.obj
d:\projects\programming\sourcemod\escghn\escghn\game\client\debug_mod_hl2\hud_vehicle.obj
d:\projects\programming\sourcemod\escghn\escghn\game\client\debug_mod_hl2\panelmetaclassmgr.obj
d:\projects\programming\sourcemod\escghn\escghn\game\client\debug_mod_hl2\props_shared.obj
d:\projects\programming\sourcemod\escghn\escghn\game\client\debug_mod_hl2\sprite.obj
d:\projects\programming\sourcemod\escghn\escghn\game\client\debug_mod_hl2\vgui_bitmapbutton.obj
d:\projects\programming\sourcemod\escghn\escghn\game\client\debug_mod_hl2\viewconeimage.obj
d:\projects\programming\sourcemod\escghn\escghn\game\client\debug_mod_hl2\spectatorgui.obj
d:\projects\programming\sourcemod\escghn\escghn\game\client\debug_mod_hl2\c_npc_manhack.obj
d:\projects\programming\sourcemod\escghn\escghn\game\client\debug_mod_hl2\c_weapon_stunstick.obj
d:\projects\programming\sourcemod\escghn\escghn\game\client\debug_mod_hl2\hud_health.obj
d:\projects\programming\sourcemod\escghn\escghn\game\client\debug_mod_hl2\c_particle_fire.obj
d:\projects\programming\sourcemod\escghn\escghn\game\client\debug_mod_hl2\c_te_beamringpoint.obj
d:\projects\programming\sourcemod\escghn\escghn\game\client\debug_mod_hl2\c_te_muzzleflash.obj
d:\projects\programming\sourcemod\escghn\escghn\game\client\debug_mod_hl2\bonelist.obj
d:\projects\programming\sourcemod\escghn\escghn\game\client\debug_mod_hl2\animation.obj
d:\projects\programming\sourcemod\escghn\escghn\game\client\debug_mod_hl2\c_basecombatcharacter.obj
d:\projects\programming\sourcemod\escghn\escghn\game\client\debug_mod_hl2\c_fish.obj
d:\projects\programming\sourcemod\escghn\escghn\game\client\debug_mod_hl2\c_materialmodifycontrol.obj
d:\projects\programming\sourcemod\escghn\escghn\game\client\debug_mod_hl2\c_sprite_perfmonitor.obj
d:\projects\programming\sourcemod\escghn\escghn\game\client\debug_mod_hl2\c_tesla.obj
d:\projects\programming\sourcemod\escghn\escghn\game\client\debug_mod_hl2\client_virtualreality.obj
d:\projects\programming\sourcemod\escghn\escghn\game\client\debug_mod_hl2\flashlighteffect.obj
d:\projects\programming\sourcemod\escghn\escghn\game\client\debug_mod_hl2\gamestats.obj
d:\projects\programming\sourcemod\escghn\escghn\game\client\debug_mod_hl2\hud_redraw.obj
d:\projects\programming\sourcemod\escghn\escghn\game\client\debug_mod_hl2\obstacle_pushaway.obj
d:\projects\programming\sourcemod\escghn\escghn\game\client\debug_mod_hl2\physics_main_client.obj
d:\projects\programming\sourcemod\escghn\escghn\game\client\debug_mod_hl2\proxyhealth.obj
d:\projects\programming\sourcemod\escghn\escghn\game\client\debug_mod_hl2\splinepatch.obj
d:\projects\programming\sourcemod\escghn\escghn\game\client\debug_mod_hl2\toggletextureproxy.obj
d:\projects\programming\sourcemod\escghn\escghn\game\client\debug_mod_hl2\vgui_game_viewport.obj
d:\projects\programming\sourcemod\escghn\escghn\game\client\debug_mod_hl2\viewangleanim.obj
d:\projects\programming\sourcemod\escghn\escghn\game\client\debug_mod_hl2\baseviewport.obj
d:\projects\programming\sourcemod\escghn\escghn\game\client\debug_mod_hl2\c_rotorwash.obj
d:\projects\programming\sourcemod\escghn\escghn\game\client\debug_mod_hl2\fx_antlion.obj
d:\projects\programming\sourcemod\escghn\escghn\game\client\debug_mod_hl2\hud_quickinfo.obj
d:\projects\programming\sourcemod\escghn\escghn\game\client\debug_mod_hl2\c_te.obj
d:\projects\programming\sourcemod\escghn\escghn\game\client\debug_mod_hl2\c_te_decal.obj
d:\projects\programming\sourcemod\escghn\escghn\game\client\debug_mod_hl2\c_te_projecteddecal.obj
d:\projects\programming\sourcemod\escghn\escghn\game\client\debug_mod_hl2\toolframework_client.obj
d:\projects\programming\sourcemod\escghn\escghn\game\client\debug_mod_hl2\alphamaterialproxy.obj
d:\projects\programming\sourcemod\escghn\escghn\game\client\debug_mod_hl2\baseprojectile.obj
d:\projects\programming\sourcemod\escghn\escghn\game\client\debug_mod_hl2\c_baseviewmodel.obj
d:\projects\programming\sourcemod\escghn\escghn\game\client\debug_mod_hl2\c_func_breakablesurf.obj
d:\projects\programming\sourcemod\escghn\escghn\game\client\debug_mod_hl2\c_plasma.obj
d:\projects\programming\sourcemod\escghn\escghn\game\client\debug_mod_hl2\camomaterialproxy.obj
d:\projects\programming\sourcemod\escghn\escghn\game\client\debug_mod_hl2\collisionproperty.obj
d:\projects\programming\sourcemod\escghn\escghn\game\client\debug_mod_hl2\entityparticletrail_shared.obj
d:\projects\programming\sourcemod\escghn\escghn\game\client\debug_mod_hl2\fx_shelleject.obj
d:\projects\programming\sourcemod\escghn\escghn\game\client\debug_mod_hl2\hud.obj
d:\projects\programming\sourcemod\escghn\escghn\game\client\debug_mod_hl2\lamphaloproxy.obj
d:\projects\programming\sourcemod\escghn\escghn\game\client\debug_mod_hl2\particles_attractor.obj
d:\projects\programming\sourcemod\escghn\escghn\game\client\debug_mod_hl2\playerspawncache.obj
d:\projects\programming\sourcemod\escghn\escghn\game\client\debug_mod_hl2\saverestore.obj
d:\projects\programming\sourcemod\escghn\escghn\game\client\debug_mod_hl2\vehicle_viewblend_shared.obj
d:\projects\programming\sourcemod\escghn\escghn\game\client\debug_mod_hl2\vgui_video_player.obj
d:\projects\programming\sourcemod\escghn\escghn\game\client\debug_mod_hl2\basemodelpanel.obj
d:\projects\programming\sourcemod\escghn\escghn\game\client\debug_mod_hl2\c_env_headcrabcanister.obj
d:\projects\programming\sourcemod\escghn\escghn\game\client\debug_mod_hl2\c_vehicle_prisoner_pod.obj
d:\projects\programming\sourcemod\escghn\escghn\game\client\debug_mod_hl2\hl_in_main.obj
d:\projects\programming\sourcemod\escghn\escghn\game\client\debug_mod_hl2\shieldproxy.obj
d:\projects\programming\sourcemod\escghn\escghn\game\client\debug_mod_hl2\c_smokestack.obj
d:\projects\programming\sourcemod\escghn\escghn\game\client\debug_mod_hl2\c_te_clientprojectile.obj
d:\projects\programming\sourcemod\escghn\escghn\game\client\debug_mod_hl2\c_te_worlddecal.obj
d:\projects\programming\sourcemod\escghn\escghn\game\client\debug_mod_hl2\achievements_hlx.obj
d:\projects\programming\sourcemod\escghn\escghn\game\client\debug_mod_hl2\basecombatweapon_shared.obj
d:\projects\programming\sourcemod\escghn\escghn\game\client\debug_mod_hl2\c_baseentity.obj
d:\projects\programming\sourcemod\escghn\escghn\game\client\debug_mod_hl2\c_hairball.obj
d:\projects\programming\sourcemod\escghn\escghn\game\client\debug_mod_hl2\c_sprite.obj
d:\projects\programming\sourcemod\escghn\escghn\game\client\debug_mod_hl2\cdll_util.obj
d:\projects\programming\sourcemod\escghn\escghn\game\client\debug_mod_hl2\dummyproxy.obj
d:\projects\programming\sourcemod\escghn\escghn\game\client\debug_mod_hl2\fx_cube.obj
d:\projects\programming\sourcemod\escghn\escghn\game\client\debug_mod_hl2\geiger.obj
d:\projects\programming\sourcemod\escghn\escghn\game\client\debug_mod_hl2\hud_hintdisplay.obj
d:\projects\programming\sourcemod\escghn\escghn\game\client\debug_mod_hl2\message.obj
d:\projects\programming\sourcemod\escghn\escghn\game\client\debug_mod_hl2\physpropclientside.obj
d:\projects\programming\sourcemod\escghn\escghn\game\client\debug_mod_hl2\soundenvelope.obj
d:\projects\programming\sourcemod\escghn\escghn\game\client\debug_mod_hl2\vgui_basepanel.obj
d:\projects\programming\sourcemod\escghn\escghn\game\client\debug_mod_hl2\view_beams.obj
d:\projects\programming\sourcemod\escghn\escghn\game\client\debug_mod_hl2\clientscoreboarddialog.obj
d:\projects\programming\sourcemod\escghn\escghn\game\client\debug_mod_hl2\c_npc_antlionguard.obj
d:\projects\programming\sourcemod\escghn\escghn\game\client\debug_mod_hl2\c_weapon__stubs_hl2.obj
d:\projects\programming\sourcemod\escghn\escghn\game\client\debug_mod_hl2\hud_flashlight.obj
d:\projects\programming\sourcemod\escghn\escghn\game\client\debug_mod_hl2\c_movie_explosion.obj
d:\projects\programming\sourcemod\escghn\escghn\game\client\debug_mod_hl2\c_te_beamspline.obj
d:\projects\programming\sourcemod\escghn\escghn\game\client\debug_mod_hl2\c_te_legacytempents.obj
d:\projects\programming\sourcemod\escghn\escghn\game\client\debug_mod_hl2\baseachievement.obj
d:\projects\programming\sourcemod\escghn\escghn\game\client\debug_mod_hl2\c_colorcorrection.obj
d:\projects\programming\sourcemod\escghn\escghn\game\client\debug_mod_hl2\c_func_dust.obj
d:\projects\programming\sourcemod\escghn\escghn\game\client\debug_mod_hl2\c_props.obj
d:\projects\programming\sourcemod\escghn\escghn\game\client\debug_mod_hl2\c_waterbullet.obj
d:\projects\programming\sourcemod\escghn\escghn\game\client\debug_mod_hl2\clientsideeffects.obj
d:\projects\programming\sourcemod\escghn\escghn\game\client\debug_mod_hl2\entityoriginmaterialproxy.obj
d:\projects\programming\sourcemod\escghn\escghn\game\client\debug_mod_hl2\fx_interpvalue.obj
d:\projects\programming\sourcemod\escghn\escghn\game\client\debug_mod_hl2\history_resource.obj
d:\projects\programming\sourcemod\escghn\escghn\game\client\debug_mod_hl2\in_camera.obj
d:\projects\programming\sourcemod\escghn\escghn\game\client\debug_mod_hl2\particle_collision.obj
d:\projects\programming\sourcemod\escghn\escghn\game\client\debug_mod_hl2\physics_saverestore.obj
d:\projects\programming\sourcemod\escghn\escghn\game\client\debug_mod_hl2\singleplay_gamerules.obj
d:\projects\programming\sourcemod\escghn\escghn\game\client\debug_mod_hl2\text_message.obj
d:\projects\programming\sourcemod\escghn\escghn\game\client\debug_mod_hl2\vgui_loadingdiscpanel.obj
d:\projects\programming\sourcemod\escghn\escghn\game\client\debug_mod_hl2\warp_overlay.obj
d:\projects\programming\sourcemod\escghn\escghn\game\client\debug_mod_hl2\vguitextwindow.obj
d:\projects\programming\sourcemod\escghn\escghn\game\client\debug_mod_hl2\c_te_concussiveexplosion.obj
d:\projects\programming\sourcemod\escghn\escghn\game\client\debug_mod_hl2\fx_hl2_impacts.obj
d:\projects\programming\sourcemod\escghn\escghn\game\client\debug_mod_hl2\hud_weaponselection.obj
d:\projects\programming\sourcemod\escghn\escghn\game\client\debug_mod_hl2\c_te_beamring.obj
d:\projects\programming\sourcemod\escghn\escghn\game\client\debug_mod_hl2\c_te_glowsprite.obj
d:\projects\programming\sourcemod\escghn\escghn\game\client\debug_mod_hl2\fx_line.obj
d:\projects\programming\sourcemod\escghn\escghn\game\client\debug_mod_hl2\achievement_notification_panel.obj
d:\projects\programming\sourcemod\escghn\escghn\game\client\debug_mod_hl2\c_breakableprop.obj
d:\projects\programming\sourcemod\escghn\escghn\game\client\debug_mod_hl2\c_func_conveyor.obj
d:\projects\programming\sourcemod\escghn\escghn\game\client\debug_mod_hl2\c_pixel_visibility.obj
d:\projects\programming\sourcemod\escghn\escghn\game\client\debug_mod_hl2\cl_mat_stub.obj
d:\projects\programming\sourcemod\escghn\escghn\game\client\debug_mod_hl2\debugoverlay_shared.obj
d:\projects\programming\sourcemod\escghn\escghn\game\client\debug_mod_hl2\fx_blood.obj
d:\projects\programming\sourcemod\escghn\escghn\game\client\debug_mod_hl2\gamestringpool.obj
d:\projects\programming\sourcemod\escghn\escghn\game\client\debug_mod_hl2\hud_bitmapnumericdisplay.obj
d:\projects\programming\sourcemod\escghn\escghn\game\client\debug_mod_hl2\in_joystick.obj
d:\projects\programming\sourcemod\escghn\escghn\game\client\debug_mod_hl2\particle_simple3d.obj
d:\projects\programming\sourcemod\escghn\escghn\game\client\debug_mod_hl2\point_bonusmaps_accessor.obj
d:\projects\programming\sourcemod\escghn\escghn\game\client\debug_mod_hl2\screenspaceeffects.obj
d:\projects\programming\sourcemod\escghn\escghn\game\client\debug_mod_hl2\timematerialproxy.obj
d:\projects\programming\sourcemod\escghn\escghn\game\client\debug_mod_hl2\vgui_fpspanel.obj
d:\projects\programming\sourcemod\escghn\escghn\game\client\debug_mod_hl2\weapon_parse_default.obj
d:\projects\programming\sourcemod\escghn\escghn\game\client\debug_mod_hl2\achievements_hl2.obj
d:\projects\programming\sourcemod\escghn\escghn\game\client\debug_mod_hl2\c_corpse.obj
d:\projects\programming\sourcemod\escghn\escghn\game\client\debug_mod_hl2\c_vehicle_cannon.obj
d:\projects\programming\sourcemod\escghn\escghn\game\client\debug_mod_hl2\hl2_usermessages.obj
d:\projects\programming\sourcemod\escghn\escghn\game\client\debug_mod_hl2\script_intro_shared.obj
d:\projects\programming\sourcemod\escghn\escghn\game\client\debug_mod_hl2\c_smoke_trail.obj
d:\projects\programming\sourcemod\escghn\escghn\game\client\debug_mod_hl2\c_te_explosion.obj
d:\projects\programming\sourcemod\escghn\escghn\game\client\debug_mod_hl2\fx_envelope.obj
d:\projects\programming\sourcemod\escghn\escghn\game\client\debug_mod_hl2\ammodef.obj
d:\projects\programming\sourcemod\escghn\escghn\game\client\debug_mod_hl2\bone_accessor.obj
d:\projects\programming\sourcemod\escghn\escghn\game\client\debug_mod_hl2\c_colorcorrectionvolume.obj
d:\projects\programming\sourcemod\escghn\escghn\game\client\debug_mod_hl2\c_func_lod.obj
d:\projects\programming\sourcemod\escghn\escghn\game\client\debug_mod_hl2\c_point_camera.obj
d:\projects\programming\sourcemod\escghn\escghn\game\client\debug_mod_hl2\c_vehicle_jeep.obj
d:\projects\programming\sourcemod\escghn\escghn\game\client\debug_mod_hl2\clientleafsystem.obj
d:\projects\programming\sourcemod\escghn\escghn\game\client\debug_mod_hl2\functionproxy.obj
d:\projects\programming\sourcemod\escghn\escghn\game\client\debug_mod_hl2\fx_explosion.obj
d:\projects\programming\sourcemod\escghn\escghn\game\client\debug_mod_hl2\hintmessage.obj
d:\projects\programming\sourcemod\escghn\escghn\game\client\debug_mod_hl2\hud_msg.obj
d:\projects\programming\sourcemod\escghn\escghn\game\client\debug_mod_hl2\movehelper_client.obj
d:\projects\programming\sourcemod\escghn\escghn\game\client\debug_mod_hl2\particlesystemquery.obj
d:\projects\programming\sourcemod\escghn\escghn\game\client\debug_mod_hl2\proxyplayer.obj
d:\projects\programming\sourcemod\escghn\escghn\game\client\debug_mod_hl2\spritetrail.obj
d:\projects\programming\sourcemod\escghn\escghn\game\client\debug_mod_hl2\vgui_bitmappanel.obj
d:\projects\programming\sourcemod\escghn\escghn\game\client\debug_mod_hl2\viewdebug.obj
d:\projects\programming\sourcemod\escghn\escghn\game\client\debug_mod_hl2\mapoverview.obj
d:\projects\programming\sourcemod\escghn\escghn\game\client\debug_mod_hl2\c_npc_rollermine.obj
d:\projects\programming\sourcemod\escghn\escghn\game\client\debug_mod_hl2\clientmode_hlnormal.obj
d:\projects\programming\sourcemod\escghn\escghn\game\client\debug_mod_hl2\vgui_rootpanel_hl2.obj
d:\projects\programming\sourcemod\escghn\escghn\game\client\debug_mod_hl2\c_te_armorricochet.obj
d:\projects\programming\sourcemod\escghn\escghn\game\client\debug_mod_hl2\c_te_dynamiclight.obj
d:\projects\programming\sourcemod\escghn\escghn\game\client\debug_mod_hl2\c_te_physicsprop.obj
d:\projects\programming\sourcemod\escghn\escghn\game\client\debug_mod_hl2\animatedoffsettextureproxy.obj
d:\projects\programming\sourcemod\escghn\escghn\game\client\debug_mod_hl2\c_ai_basehumanoid.obj
d:\projects\programming\sourcemod\escghn\escghn\game\client\debug_mod_hl2\c_dynamiclight.obj
d:\projects\programming\sourcemod\escghn\escghn\game\client\debug_mod_hl2\c_func_monitor.obj
d:\projects\programming\sourcemod\escghn\escghn\game\client\debug_mod_hl2\c_point_commentary_node.obj
d:\projects\programming\sourcemod\escghn\escghn\game\client\debug_mod_hl2\cliententitylist.obj
d:\projects\programming\sourcemod\escghn\escghn\game\client\debug_mod_hl2\entitylist_base.obj
d:\projects\programming\sourcemod\escghn\escghn\game\client\debug_mod_hl2\fx_tracer.obj
d:\projects\programming\sourcemod\escghn\escghn\game\client\debug_mod_hl2\hud_animationinfo.obj
d:\projects\programming\sourcemod\escghn\escghn\game\client\debug_mod_hl2\in_main.obj
d:\projects\programming\sourcemod\escghn\escghn\game\client\debug_mod_hl2\physics.obj
d:\projects\programming\sourcemod\escghn\escghn\game\client\debug_mod_hl2\ragdoll_shared.obj
d:\projects\programming\sourcemod\escghn\escghn\game\client\debug_mod_hl2\util_shared.obj
d:\projects\programming\sourcemod\escghn\escghn\game\client\debug_mod_hl2\vgui_schemevisualizer.obj
d:\projects\programming\sourcemod\escghn\escghn\game\client\debug_mod_hl2\weapon_selection.obj
d:\projects\programming\sourcemod\escghn\escghn\game\client\debug_mod_hl2\c_basehelicopter.obj
d:\projects\programming\sourcemod\escghn\escghn\game\client\debug_mod_hl2\c_strider.obj
d:\projects\programming\sourcemod\escghn\escghn\game\client\debug_mod_hl2\hud_battery.obj
d:\projects\programming\sourcemod\escghn\escghn\game\client\debug_mod_hl2\c_effects.obj
d:\projects\programming\sourcemod\escghn\escghn\game\client\debug_mod_hl2\c_te_breakmodel.obj
d:\projects\programming\sourcemod\escghn\escghn\game\client\debug_mod_hl2\c_te_sprite.obj
d:\projects\programming\sourcemod\escghn\escghn\game\client\debug_mod_hl2\baseanimatedtextureproxy.obj
d:\projects\programming\sourcemod\escghn\escghn\game\client\debug_mod_hl2\bone_merge_cache.obj
d:\projects\programming\sourcemod\escghn\escghn\game\client\debug_mod_hl2\c_env_fog_controller.obj
d:\projects\programming\sourcemod\escghn\escghn\game\client\debug_mod_hl2\c_func_reflective_glass.obj
d:\projects\programming\sourcemod\escghn\escghn\game\client\debug_mod_hl2\c_rope.obj
d:\projects\programming\sourcemod\escghn\escghn\game\client\debug_mod_hl2\clienteffectprecachesystem.obj
d:\projects\programming\sourcemod\escghn\escghn\game\client\debug_mod_hl2\ehandle.obj
d:\projects\programming\sourcemod\escghn\escghn\game\client\debug_mod_hl2\fx_fleck.obj
d:\projects\programming\sourcemod\escghn\escghn\game\client\debug_mod_hl2\glow_outline_effect.obj
d:\projects\programming\sourcemod\escghn\escghn\game\client\debug_mod_hl2\hud_basetimer.obj
d:\projects\programming\sourcemod\escghn\escghn\game\client\debug_mod_hl2\initializer.obj
d:\projects\programming\sourcemod\escghn\escghn\game\client\debug_mod_hl2\particle_litsmokeemitter.obj
d:\projects\programming\sourcemod\escghn\escghn\game\client\debug_mod_hl2\playerandobjectenumerator.obj
d:\projects\programming\sourcemod\escghn\escghn\game\client\debug_mod_hl2\sequence_transitioner.obj
d:\projects\programming\sourcemod\escghn\escghn\game\client\debug_mod_hl2\teamplay_gamerules.obj
d:\projects\programming\sourcemod\escghn\escghn\game\client\debug_mod_hl2\vgui_int.obj
d:\projects\programming\sourcemod\escghn\escghn\game\client\debug_mod_hl2\weapon_parse.obj
d:\projects\programming\sourcemod\escghn\escghn\game\client\debug_mod_hl2\c_antlion_dust.obj
d:\projects\programming\sourcemod\escghn\escghn\game\client\debug_mod_hl2\c_env_starfield.obj
d:\projects\programming\sourcemod\escghn\escghn\game\client\debug_mod_hl2\c_weapon_physcannon.obj
d:\projects\programming\sourcemod\escghn\escghn\game\client\debug_mod_hl2\hud_credits.obj
d:\projects\programming\sourcemod\escghn\escghn\game\client\debug_mod_hl2\c_impact_effects.obj
d:\projects\programming\sourcemod\escghn\escghn\game\client\debug_mod_hl2\c_te_bubbletrail.obj
d:\projects\programming\sourcemod\escghn\escghn\game\client\debug_mod_hl2\c_te_smoke.obj
d:\projects\programming\sourcemod\escghn\escghn\game\client\debug_mod_hl2\basecombatcharacter_shared.obj
d:\projects\programming\sourcemod\escghn\escghn\game\client\debug_mod_hl2\c_ai_basenpc.obj
d:\projects\programming\sourcemod\escghn\escghn\game\client\debug_mod_hl2\c_env_particlescript.obj
d:\projects\programming\sourcemod\escghn\escghn\game\client\debug_mod_hl2\c_func_smokevolume.obj
d:\projects\programming\sourcemod\escghn\escghn\game\client\debug_mod_hl2\c_sceneentity.obj
d:\projects\programming\sourcemod\escghn\escghn\game\client\debug_mod_hl2\clientsideeffects_test.obj
d:\projects\programming\sourcemod\escghn\escghn\game\client\debug_mod_hl2\env_wind_shared.obj
d:\projects\programming\sourcemod\escghn\escghn\game\client\debug_mod_hl2\fx_trail.obj
d:\projects\programming\sourcemod\escghn\escghn\game\client\debug_mod_hl2\hltvcamera.obj
d:\projects\programming\sourcemod\escghn\escghn\game\client\debug_mod_hl2\igamesystem.obj
d:\projects\programming\sourcemod\escghn\escghn\game\client\debug_mod_hl2\movevars_shared.obj
d:\projects\programming\sourcemod\escghn\escghn\game\client\debug_mod_hl2\perfvisualbenchmark.obj
d:\projects\programming\sourcemod\escghn\escghn\game\client\debug_mod_hl2\ragdoll.obj
d:\projects\programming\sourcemod\escghn\escghn\game\client\debug_mod_hl2\studio_stats.obj
d:\projects\programming\sourcemod\escghn\escghn\game\client\debug_mod_hl2\vgui_slideshow_display_screen.obj
d:\projects\programming\sourcemod\escghn\escghn\game\client\debug_mod_hl2\worlddimsproxy.obj
d:\projects\programming\sourcemod\escghn\escghn\game\client\debug_mod_hl2\c_barnacle.obj
d:\projects\programming\sourcemod\escghn\escghn\game\client\debug_mod_hl2\c_npc_combinegunship.obj
d:\projects\programming\sourcemod\escghn\escghn\game\client\debug_mod_hl2\death.obj
d:\projects\programming\sourcemod\escghn\escghn\game\client\debug_mod_hl2\hud_suitpower.obj
d:\projects\programming\sourcemod\escghn\escghn\game\client\debug_mod_hl2\c_te_beamlaser.obj
d:\projects\programming\sourcemod\escghn\escghn\game\client\debug_mod_hl2\c_te_glassshatter.obj
d:\projects\programming\sourcemod\escghn\escghn\game\client\debug_mod_hl2\fx_discreetline.obj
d:\projects\programming\sourcemod\escghn\escghn\game\client\debug_mod_hl2\animatedentitytextureproxy.obj
d:\projects\programming\sourcemod\escghn\escghn\game\client\debug_mod_hl2\basepresence.obj
d:\projects\programming\sourcemod\escghn\escghn\game\client\debug_mod_hl2\c_baseplayer.obj
d:\projects\programming\sourcemod\escghn\escghn\game\client\debug_mod_hl2\c_rumble.obj
d:\projects\programming\sourcemod\escghn\escghn\game\client\debug_mod_hl2\c_vehicle_choreo_generic.obj
d:\projects\programming\sourcemod\escghn\escghn\game\client\debug_mod_hl2\clientshadowmgr.obj
d:\projects\programming\sourcemod\escghn\escghn\game\client\debug_mod_hl2\fx_staticline.obj
d:\projects\programming\sourcemod\escghn\escghn\game\client\debug_mod_hl2\hintsystem.obj
d:\projects\programming\sourcemod\escghn\escghn\game\client\debug_mod_hl2\hud_pdump.obj
d:\projects\programming\sourcemod\escghn\escghn\game\client\debug_mod_hl2\multiplay_gamerules.obj
d:\projects\programming\sourcemod\escghn\escghn\game\client\debug_mod_hl2\physics_main_shared.obj
d:\projects\programming\sourcemod\escghn\escghn\game\client\debug_mod_hl2\studio_shared.obj
d:\projects\programming\sourcemod\escghn\escghn\game\client\debug_mod_hl2\vgui_avatarimage.obj
d:\projects\programming\sourcemod\escghn\escghn\game\client\debug_mod_hl2\viewrender.obj
d:\projects\programming\sourcemod\escghn\escghn\game\client\debug_mod_hl2\c_plasma_beam_node.obj
d:\projects\programming\sourcemod\escghn\escghn\game\client\debug_mod_hl2\env_headcrabcanister_shared.obj
d:\projects\programming\sourcemod\escghn\escghn\game\client\debug_mod_hl2\hud_poisondamageindicator.obj
d:\projects\programming\sourcemod\escghn\escghn\game\client\debug_mod_hl2\c_recipientfilter.obj
d:\projects\programming\sourcemod\escghn\escghn\game\client\debug_mod_hl2\c_te_bloodsprite.obj
d:\projects\programming\sourcemod\escghn\escghn\game\client\debug_mod_hl2\c_te_particlesystem.obj
d:\projects\programming\sourcemod\escghn\escghn\game\client\debug_mod_hl2\particlesphererenderer.obj
d:\projects\programming\sourcemod\escghn\escghn\game\client\debug_mod_hl2\base_playeranimstate.obj
d:\projects\programming\sourcemod\escghn\escghn\game\client\debug_mod_hl2\c_baseanimatingoverlay.obj
d:\projects\programming\sourcemod\escghn\escghn\game\client\debug_mod_hl2\c_fire_smoke.obj
d:\projects\programming\sourcemod\escghn\escghn\game\client\debug_mod_hl2\c_physicsprop.obj
d:\projects\programming\sourcemod\escghn\escghn\game\client\debug_mod_hl2\c_user_message_register.obj
d:\projects\programming\sourcemod\escghn\escghn\game\client\debug_mod_hl2\client_thinklist.obj
d:\projects\programming\sourcemod\escghn\escghn\game\client\debug_mod_hl2\effect_dispatch_data.obj
d:\projects\programming\sourcemod\escghn\escghn\game\client\debug_mod_hl2\fx_quad.obj
d:\projects\programming\sourcemod\escghn\escghn\game\client\debug_mod_hl2\hud_chat.obj
d:\projects\programming\sourcemod\escghn\escghn\game\client\debug_mod_hl2\isnpcproxy.obj
d:\projects\programming\sourcemod\escghn\escghn\game\client\debug_mod_hl2\particle_property.obj
d:\projects\programming\sourcemod\escghn\escghn\game\client\debug_mod_hl2\point_posecontroller.obj
d:\projects\programming\sourcemod\escghn\escghn\game\client\debug_mod_hl2\sceneentity_shared.obj
d:\projects\programming\sourcemod\escghn\escghn\game\client\debug_mod_hl2\takedamageinfo.obj
d:\projects\programming\sourcemod\escghn\escghn\game\client\debug_mod_hl2\vgui_debugoverlaypanel.obj
d:\projects\programming\sourcemod\escghn\escghn\game\client\debug_mod_hl2\voice_status.obj
d:\projects\programming\sourcemod\escghn\escghn\game\client\debug_mod_hl2\c_ar2_explosion.obj
d:\projects\programming\sourcemod\escghn\escghn\game\client\debug_mod_hl2\c_info_teleporter_countdown.obj
d:\projects\programming\sourcemod\escghn\escghn\game\client\debug_mod_hl2\hud_damageindicator.obj
d:\projects\programming\sourcemod\escghn\escghn\game\client\debug_mod_hl2\c_particle_smokegrenade.obj
d:\projects\programming\sourcemod\escghn\escghn\game\client\debug_mod_hl2\c_te_bloodstream.obj
d:\projects\programming\sourcemod\escghn\escghn\game\client\debug_mod_hl2\c_te_largefunnel.obj
d:\projects\programming\sourcemod\escghn\escghn\game\client\debug_mod_hl2\smoke_fog_overlay.obj
d:\projects\programming\sourcemod\escghn\escghn\game\client\debug_mod_hl2\baseclientrendertargets.obj
d:\projects\programming\sourcemod\escghn\escghn\game\client\debug_mod_hl2\beam_shared.obj
d:\projects\programming\sourcemod\escghn\escghn\game\client\debug_mod_hl2\c_env_tonemap_controller.obj
d:\projects\programming\sourcemod\escghn\escghn\game\client\debug_mod_hl2\c_lightglow.obj
d:\projects\programming\sourcemod\escghn\escghn\game\client\debug_mod_hl2\c_soundscape.obj
d:\projects\programming\sourcemod\escghn\escghn\game\client\debug_mod_hl2\cdll_client_int.obj
d:\projects\programming\sourcemod\escghn\escghn\game\client\debug_mod_hl2\gamevars_shared.obj
d:\projects\programming\sourcemod\escghn\escghn\game\client\debug_mod_hl2\hud_autoaim.obj
d:\projects\programming\sourcemod\escghn\escghn\game\client\debug_mod_hl2\interpolatedvar.obj
d:\projects\programming\sourcemod\escghn\escghn\game\client\debug_mod_hl2\particle_proxies.obj
d:\projects\programming\sourcemod\escghn\escghn\game\client\debug_mod_hl2\precache_register.obj
d:\projects\programming\sourcemod\escghn\escghn\game\client\debug_mod_hl2\rope_helpers.obj
d:\projects\programming\sourcemod\escghn\escghn\game\client\debug_mod_hl2\train.obj
d:\projects\programming\sourcemod\escghn\escghn\game\client\debug_mod_hl2\view.obj
d:\projects\programming\sourcemod\escghn\escghn\game\client\debug_mod_hl2\intromenu.obj
d:\projects\programming\sourcemod\escghn\escghn\game\client\debug_mod_hl2\c_func_tankmortar.obj
d:\projects\programming\sourcemod\escghn\escghn\game\client\debug_mod_hl2\c_vort_charge_token.obj
d:\projects\programming\sourcemod\escghn\escghn\game\client\debug_mod_hl2\hl_prediction.obj
d:\projects\programming\sourcemod\escghn\escghn\game\client\debug_mod_hl2\in_sixense.obj
d:\projects\programming\sourcemod\escghn\escghn\game\client\debug_mod_hl2\c_stickybolt.obj
d:\projects\programming\sourcemod\escghn\escghn\game\client\debug_mod_hl2\c_te_effect_dispatch.obj
d:\projects\programming\sourcemod\escghn\escghn\game\client\debug_mod_hl2\c_te_showline.obj
d:\projects\programming\sourcemod\escghn\escghn\game\client\debug_mod_hl2\entity_client_tools.obj
d:\projects\programming\sourcemod\escghn\escghn\game\client\debug_mod_hl2\achievement_saverestore.obj
d:\projects\programming\sourcemod\escghn\escghn\game\client\debug_mod_hl2\baseplayer_shared.obj
d:\projects\programming\sourcemod\escghn\escghn\game\client\debug_mod_hl2\c_entityparticletrail.obj
d:\projects\programming\sourcemod\escghn\escghn\game\client\debug_mod_hl2\c_func_rotating.obj
d:\projects\programming\sourcemod\escghn\escghn\game\client\debug_mod_hl2\c_ragdoll_manager.obj
d:\projects\programming\sourcemod\escghn\escghn\game\client\debug_mod_hl2\c_vguiscreen.obj
d:\projects\programming\sourcemod\escghn\escghn\game\client\debug_mod_hl2\effectsclient.obj
d:\projects\programming\sourcemod\escghn\escghn\game\client\debug_mod_hl2\fx_impact.obj
d:\projects\programming\sourcemod\escghn\escghn\game\client\debug_mod_hl2\hud_closecaption.obj
d:\projects\programming\sourcemod\escghn\escghn\game\client\debug_mod_hl2\menu.obj
d:\projects\programming\sourcemod\escghn\escghn\game\client\debug_mod_hl2\physics_shared.obj
d:\projects\programming\sourcemod\escghn\escghn\game\client\debug_mod_hl2\soundemittersystem.obj
d:\projects\programming\sourcemod\escghn\escghn\game\client\debug_mod_hl2\vgui_centerstringpanel.obj
d:\projects\programming\sourcemod\escghn\escghn\game\client\debug_mod_hl2\viewpostprocess.obj
d:\projects\programming\sourcemod\escghn\escghn\game\client\debug_mod_hl2\basehlcombatweapon_shared.obj
d:\projects\programming\sourcemod\escghn\escghn\game\client\debug_mod_hl2\c_env_alyxtemp.obj
d:\projects\programming\sourcemod\escghn\escghn\game\client\debug_mod_hl2\c_vehicle_crane.obj
d:\projects\programming\sourcemod\escghn\escghn\game\client\debug_mod_hl2\hl_gamemovement.obj
d:\projects\programming\sourcemod\escghn\escghn\game\client\debug_mod_hl2\in_sixense_gesture_bindings.obj
d:\projects\programming\sourcemod\escghn\escghn\game\client\debug_mod_hl2\c_te_basebeam.obj
d:\projects\programming\sourcemod\escghn\escghn\game\client\debug_mod_hl2\c_te_bubbles.obj
d:\projects\programming\sourcemod\escghn\escghn\game\client\debug_mod_hl2\c_te_playerdecal.obj
d:\projects\programming\sourcemod\escghn\escghn\game\client\debug_mod_hl2\mp3player.obj
d:\projects\programming\sourcemod\escghn\escghn\game\client\debug_mod_hl2\baseentity_shared.obj
d:\projects\programming\sourcemod\escghn\escghn\game\client\debug_mod_hl2\c_baseflex.obj
d:\projects\programming\sourcemod\escghn\escghn\game\client\debug_mod_hl2\c_particle_system.obj
d:\projects\programming\sourcemod\escghn\escghn\game\client\debug_mod_hl2\c_team.obj
d:\projects\programming\sourcemod\escghn\escghn\game\client\debug_mod_hl2\c_world.obj
d:\projects\programming\sourcemod\escghn\escghn\game\client\debug_mod_hl2\colorcorrectionmgr.obj
d:\projects\programming\sourcemod\escghn\escghn\game\client\debug_mod_hl2\env_detail_controller.obj
d:\projects\programming\sourcemod\escghn\escghn\game\client\debug_mod_hl2\fx_water.obj
d:\projects\programming\sourcemod\escghn\escghn\game\client\debug_mod_hl2\hud_filmdemo.obj
d:\projects\programming\sourcemod\escghn\escghn\game\client\debug_mod_hl2\mathproxy.obj
d:\projects\programming\sourcemod\escghn\escghn\game\client\debug_mod_hl2\particles_new.obj
d:\projects\programming\sourcemod\escghn\escghn\game\client\debug_mod_hl2\proxyentity.obj
d:\projects\programming\sourcemod\escghn\escghn\game\client\debug_mod_hl2\soundparametersinternal.obj
d:\projects\programming\sourcemod\escghn\escghn\game\client\debug_mod_hl2\usercmd.obj
d:\projects\programming\sourcemod\escghn\escghn\game\client\debug_mod_hl2\vgui_netgraphpanel.obj
d:\projects\programming\sourcemod\escghn\escghn\game\client\debug_mod_hl2\weapons_resource.obj
d:\projects\programming\sourcemod\escghn\escghn\game\client\debug_mod_hl2\c_barney.obj
d:\projects\programming\sourcemod\escghn\escghn\game\client\debug_mod_hl2\c_prop_combine_ball.obj
d:\projects\programming\sourcemod\escghn\escghn\game\client\debug_mod_hl2\fx_bugbait.obj
d:\projects\programming\sourcemod\escghn\escghn\game\client\debug_mod_hl2\hud_posture.obj
d:\projects\programming\sourcemod\escghn\escghn\game\client\debug_mod_hl2\c_steamjet.obj
d:\projects\programming\sourcemod\escghn\escghn\game\client\debug_mod_hl2\c_te_bspdecal.obj
d:\projects\programming\sourcemod\escghn\escghn\game\client\debug_mod_hl2\c_te_spritespray.obj
d:\projects\programming\sourcemod\escghn\escghn\game\client\debug_mod_hl2\achievementmgr.obj
d:\projects\programming\sourcemod\escghn\escghn\game\client\debug_mod_hl2\c_entitydissolve.obj
d:\projects\programming\sourcemod\escghn\escghn\game\client\debug_mod_hl2\c_gib.obj
d:\projects\programming\sourcemod\escghn\escghn\game\client\debug_mod_hl2\c_shadowcontrol.obj
d:\projects\programming\sourcemod\escghn\escghn\game\client\debug_mod_hl2\c_vote_controller.obj
d:\projects\programming\sourcemod\escghn\escghn\game\client\debug_mod_hl2\death_pose.obj
d:\projects\programming\sourcemod\escghn\escghn\game\client\debug_mod_hl2\func_ladder.obj
d:\projects\programming\sourcemod\escghn\escghn\game\client\debug_mod_hl2\gamerules.obj
d:\projects\programming\sourcemod\escghn\escghn\game\client\debug_mod_hl2\hud_hdrdemo.obj
d:\projects\programming\sourcemod\escghn\escghn\game\client\debug_mod_hl2\matrixproxy.obj
d:\projects\programming\sourcemod\escghn\escghn\game\client\debug_mod_hl2\particles_localspace.obj
d:\projects\programming\sourcemod\escghn\escghn\game\client\debug_mod_hl2\predictioncopy.obj
d:\projects\programming\sourcemod\escghn\escghn\game\client\debug_mod_hl2\simtimer.obj
d:\projects\programming\sourcemod\escghn\escghn\game\client\debug_mod_hl2\texturescrollmaterialproxy.obj
d:\projects\programming\sourcemod\escghn\escghn\game\client\debug_mod_hl2\vgui_grid.obj
d:\projects\programming\sourcemod\escghn\escghn\game\client\debug_mod_hl2\voice_banmgr.obj
d:\projects\programming\sourcemod\escghn\escghn\game\client\debug_mod_hl2\navprogress.obj
d:\projects\programming\sourcemod\escghn\escghn\game\client\debug_mod_hl2\c_hl2_playerlocaldata.obj
d:\projects\programming\sourcemod\escghn\escghn\game\client\debug_mod_hl2\c_weapon_crossbow.obj
d:\projects\programming\sourcemod\escghn\escghn\game\client\debug_mod_hl2\hud_ammo.obj
d:\projects\programming\sourcemod\escghn\escghn\game\client\debug_mod_hl2\c_basetempentity.obj
d:\projects\programming\sourcemod\escghn\escghn\game\client\debug_mod_hl2\c_te_beampoints.obj
d:\projects\programming\sourcemod\escghn\escghn\game\client\debug_mod_hl2\c_te_killplayerattachments.obj
d:\projects\programming\sourcemod\escghn\escghn\game\client\debug_mod_hl2\fx_sparks.obj
d:\projects\programming\sourcemod\escghn\escghn\game\client\debug_mod_hl2\filesystem_helpers.obj
d:\projects\programming\sourcemod\escghn\escghn\game\client\debug_mod_hl2\vgui_controls.obj
d:\projects\programming\sourcemod\escghn\escghn\game\client\debug_mod_hl2\compiledcaptionswap.obj
d:\projects\programming\sourcemod\escghn\escghn\game\client\debug_mod_hl2\vallocator.obj
d:\projects\programming\sourcemod\escghn\escghn\game\client\debug_mod_hl2\hud_lcd.obj
d:\projects\programming\sourcemod\escghn\escghn\game\client\debug_mod_hl2\in_mouse.obj
d:\projects\programming\sourcemod\escghn\escghn\game\client\debug_mod_hl2\interpolatortypes.obj
d:\projects\programming\sourcemod\escghn\escghn\game\client\debug_mod_hl2\sheetsimulator.obj
d:\projects\programming\sourcemod\escghn\escghn\game\client\debug_mod_hl2\client_class.obj
d:\projects\programming\sourcemod\escghn\escghn\game\client\debug_mod_hl2\language.obj
d:\projects\programming\sourcemod\escghn\escghn\game\client\debug_mod_hl2\scratchpadutils.obj
d:\projects\programming\sourcemod\escghn\escghn\game\client\debug_mod_hl2\posedebugger.obj
d:\projects\programming\sourcemod\escghn\escghn\game\client\debug_mod_hl2\mumble.obj
d:\projects\programming\sourcemod\escghn\escghn\game\client\debug_mod_hl2\dt_recv.obj
d:\projects\programming\sourcemod\escghn\escghn\game\client\debug_mod_hl2\studio.obj
d:\projects\programming\sourcemod\escghn\escghn\game\client\debug_mod_hl2\dt_utlvector_recv.obj
d:\projects\programming\sourcemod\escghn\escghn\game\client\debug_mod_hl2\simple_physics.obj
d:\projects\programming\sourcemod\escghn\escghn\game\client\debug_mod_hl2\interval.obj
d:\projects\programming\sourcemod\escghn\escghn\game\client\debug_mod_hl2\scratchpad3d.obj
d:\projects\programming\sourcemod\escghn\escghn\game\client\debug_mod_hl2\jigglebones.obj
d:\projects\programming\sourcemod\escghn\escghn\game\client\debug_mod_hl2\networkvar.obj
d:\projects\programming\sourcemod\escghn\escghn\game\client\debug_mod_hl2\renamed_recvtable_compat.obj
d:\projects\programming\sourcemod\escghn\escghn\game\client\debug_mod_hl2\rope_physics.obj
d:\projects\programming\sourcemod\escghn\escghn\game\client\debug_mod_hl2\collisionutils.obj
d:\projects\programming\sourcemod\escghn\escghn\game\client\debug_mod_hl2\memoverride.obj
d:\projects\programming\sourcemod\escghn\escghn\game\client\debug_mod_hl2\crtmemdebug.obj
d:\projects\programming\sourcemod\escghn\escghn\game\client\debug_mod_hl2\rendertexture.obj
d:\projects\programming\sourcemod\escghn\escghn\game\client\debug_mod_hl2\bone_setup.obj
d:\projects\programming\sourcemod\escghn\escghn\game\client\debug_mod_hl2\dt_utlvector_common.obj
d:\projects\programming\sourcemod\escghn\escghn\game\client\debug_mod_hl2\stringregistry.obj
d:\projects\programming\sourcemod\escghn\escghn\game\client\debug_mod_hl2\randoverride.obj
d:\projects\programming\sourcemod\escghn\escghn\game\client\debug_mod_hl2\sentence.obj
d:\projects\programming\sourcemod\escghn\escghn\game\client\debug_mod_hl2\pointeroverride.obj
d:\projects\programming\sourcemod\escghn\sp\src\game\client\client_hl2.vpc.sentinel
d:\projects\programming\sourcemod\escghn\sp\src\game\client\debug_mod_hl2\client.dll
d:\projects\programming\sourcemod\escghn\sp\src\game\client\debug_mod_hl2\client.pdb
d:\projects\programming\sourcemod\escghn\escghn\game\client\debug_mod_hl2\client.dll
d:\projects\programming\sourcemod\escghn\escghn\game\client\debug_mod_hl2\client.pdb
d:\projects\programming\sourcemod\escghn\escghn\game\client\debug_mod_hl2\client.lib
d:\projects\programming\sourcemod\escghn\escghn\game\client\debug_mod_hl2\client.exp
d:\projects\programming\sourcemod\escghn\escghn\game\client\debug_mod_hl2\client (hl2).tlog\cl.command.1.tlog
d:\projects\programming\sourcemod\escghn\escghn\game\client\debug_mod_hl2\client (hl2).tlog\cl.items.tlog
d:\projects\programming\sourcemod\escghn\escghn\game\client\debug_mod_hl2\client (hl2).tlog\cl.read.1.tlog
d:\projects\programming\sourcemod\escghn\escghn\game\client\debug_mod_hl2\client (hl2).tlog\cl.write.1.tlog
d:\projects\programming\sourcemod\escghn\escghn\game\client\debug_mod_hl2\client (hl2).tlog\custombuild.command.1.tlog
d:\projects\programming\sourcemod\escghn\escghn\game\client\debug_mod_hl2\client (hl2).tlog\custombuild.read.1.tlog
d:\projects\programming\sourcemod\escghn\escghn\game\client\debug_mod_hl2\client (hl2).tlog\custombuild.write.1.tlog
d:\projects\programming\sourcemod\escghn\escghn\game\client\debug_mod_hl2\client (hl2).tlog\link.command.1.tlog
d:\projects\programming\sourcemod\escghn\escghn\game\client\debug_mod_hl2\client (hl2).tlog\link.read.1.tlog
d:\projects\programming\sourcemod\escghn\escghn\game\client\debug_mod_hl2\client (hl2).tlog\link.secondary.1.tlog
d:\projects\programming\sourcemod\escghn\escghn\game\client\debug_mod_hl2\client (hl2).tlog\link.write.1.tlog
