d:\projects\programming\sourcemod\escghn\sp\src\utils\vbsp\release\disp_common.obj
d:\projects\programming\sourcemod\escghn\sp\src\utils\vbsp\release\normals.obj
d:\projects\programming\sourcemod\escghn\sp\src\utils\vbsp\release\vbsp.obj
d:\projects\programming\sourcemod\escghn\sp\src\utils\vbsp\release\disp_vbsp.obj
d:\projects\programming\sourcemod\escghn\sp\src\utils\vbsp\release\pacifier.obj
d:\projects\programming\sourcemod\escghn\sp\src\utils\vbsp\release\lumpfiles.obj
d:\projects\programming\sourcemod\escghn\sp\src\utils\vbsp\release\tree.obj
d:\projects\programming\sourcemod\escghn\sp\src\utils\vbsp\release\boundbox.obj
d:\projects\programming\sourcemod\escghn\sp\src\utils\vbsp\release\scratchpad3d.obj
d:\projects\programming\sourcemod\escghn\sp\src\utils\vbsp\release\polylib.obj
d:\projects\programming\sourcemod\escghn\sp\src\utils\vbsp\release\csg.obj
d:\projects\programming\sourcemod\escghn\sp\src\utils\vbsp\release\staticprop.obj
d:\projects\programming\sourcemod\escghn\sp\src\utils\vbsp\release\brushbsp.obj
d:\projects\programming\sourcemod\escghn\sp\src\utils\vbsp\release\materialsub.obj
d:\projects\programming\sourcemod\escghn\sp\src\utils\vbsp\release\nodraw.obj
d:\projects\programming\sourcemod\escghn\sp\src\utils\vbsp\release\portals.obj
d:\projects\programming\sourcemod\escghn\sp\src\utils\vbsp\release\cmdlib.obj
d:\projects\programming\sourcemod\escghn\sp\src\utils\vbsp\release\leakfile.obj
d:\projects\programming\sourcemod\escghn\sp\src\utils\vbsp\release\prtfile.obj
d:\projects\programming\sourcemod\escghn\sp\src\utils\vbsp\release\scriplib.obj
d:\projects\programming\sourcemod\escghn\sp\src\utils\vbsp\release\detail.obj
d:\projects\programming\sourcemod\escghn\sp\src\utils\vbsp\release\writebsp.obj
d:\projects\programming\sourcemod\escghn\sp\src\utils\vbsp\release\faces.obj
d:\projects\programming\sourcemod\escghn\sp\src\utils\vbsp\release\filesystem_helpers.obj
d:\projects\programming\sourcemod\escghn\sp\src\utils\vbsp\release\ivp.obj
d:\projects\programming\sourcemod\escghn\sp\src\utils\vbsp\release\map_shared.obj
d:\projects\programming\sourcemod\escghn\sp\src\utils\vbsp\release\loadcmdline.obj
d:\projects\programming\sourcemod\escghn\sp\src\utils\vbsp\release\utilmatlib.obj
d:\projects\programming\sourcemod\escghn\sp\src\utils\vbsp\release\cubemap.obj
d:\projects\programming\sourcemod\escghn\sp\src\utils\vbsp\release\chunkfile.obj
d:\projects\programming\sourcemod\escghn\sp\src\utils\vbsp\release\disp_ivp.obj
d:\projects\programming\sourcemod\escghn\sp\src\utils\vbsp\release\builddisp.obj
d:\projects\programming\sourcemod\escghn\sp\src\utils\vbsp\release\glfile.obj
d:\projects\programming\sourcemod\escghn\sp\src\utils\vbsp\release\worldvertextransitionfixup.obj
d:\projects\programming\sourcemod\escghn\sp\src\utils\vbsp\release\tools_minidump.obj
d:\projects\programming\sourcemod\escghn\sp\src\utils\vbsp\release\map.obj
d:\projects\programming\sourcemod\escghn\sp\src\utils\vbsp\release\filesystem_init.obj
d:\projects\programming\sourcemod\escghn\sp\src\utils\vbsp\release\disp_powerinfo.obj
d:\projects\programming\sourcemod\escghn\sp\src\utils\vbsp\release\mstristrip.obj
d:\projects\programming\sourcemod\escghn\sp\src\utils\vbsp\release\overlay.obj
d:\projects\programming\sourcemod\escghn\sp\src\utils\vbsp\release\bsplib.obj
d:\projects\programming\sourcemod\escghn\sp\src\utils\vbsp\release\detailobjects.obj
d:\projects\programming\sourcemod\escghn\sp\src\utils\vbsp\release\zip_utils.obj
d:\projects\programming\sourcemod\escghn\sp\src\utils\vbsp\release\manifest.obj
d:\projects\programming\sourcemod\escghn\sp\src\utils\vbsp\release\textures.obj
d:\projects\programming\sourcemod\escghn\sp\src\utils\vbsp\release\materialpatch.obj
d:\projects\programming\sourcemod\escghn\sp\src\utils\vbsp\release\filesystem_tools.obj
d:\projects\programming\sourcemod\escghn\sp\src\utils\vbsp\release\collisionutils.obj
d:\projects\programming\sourcemod\escghn\sp\src\utils\vbsp\release\physdll.obj
d:\projects\programming\sourcemod\escghn\sp\src\utils\vbsp\release\scratchpad_helpers.obj
d:\projects\programming\sourcemod\escghn\sp\src\utils\vbsp\release\threads.obj
d:\projects\programming\sourcemod\escghn\sp\src\utils\vbsp\release\pointeroverride.obj
d:\projects\programming\sourcemod\escghn\sp\src\utils\vbsp\vbsp.vpc.sentinel
d:\projects\programming\sourcemod\escghn\sp\src\utils\vbsp\release\vc143.pdb
d:\projects\programming\sourcemod\escghn\sp\src\utils\vbsp\release\vbsp.tlog\cl.command.1.tlog
d:\projects\programming\sourcemod\escghn\sp\src\utils\vbsp\release\vbsp.tlog\cl.read.1.tlog
d:\projects\programming\sourcemod\escghn\sp\src\utils\vbsp\release\vbsp.tlog\cl.write.1.tlog
d:\projects\programming\sourcemod\escghn\sp\src\utils\vbsp\release\vbsp.tlog\custombuild.command.1.tlog
d:\projects\programming\sourcemod\escghn\sp\src\utils\vbsp\release\vbsp.tlog\custombuild.read.1.tlog
d:\projects\programming\sourcemod\escghn\sp\src\utils\vbsp\release\vbsp.tlog\custombuild.write.1.tlog
