d:\projects\programming\sourcemod\escghn\sp\src\vgui2\vgui_controls\debug\controls.obj
d:\projects\programming\sourcemod\escghn\sp\src\vgui2\vgui_controls\debug\focusnavgroup.obj
d:\projects\programming\sourcemod\escghn\sp\src\vgui2\vgui_controls\debug\panel.obj
d:\projects\programming\sourcemod\escghn\sp\src\vgui2\vgui_controls\debug\wizardpanel.obj
d:\projects\programming\sourcemod\escghn\sp\src\vgui2\vgui_controls\debug\divider.obj
d:\projects\programming\sourcemod\escghn\sp\src\vgui2\vgui_controls\debug\frame.obj
d:\projects\programming\sourcemod\escghn\sp\src\vgui2\vgui_controls\debug\progressbar.obj
d:\projects\programming\sourcemod\escghn\sp\src\vgui2\vgui_controls\debug\textimage.obj
d:\projects\programming\sourcemod\escghn\sp\src\vgui2\vgui_controls\debug\checkbutton.obj
d:\projects\programming\sourcemod\escghn\sp\src\vgui2\vgui_controls\debug\imagelist.obj
d:\projects\programming\sourcemod\escghn\sp\src\vgui2\vgui_controls\debug\messagedialog.obj
d:\projects\programming\sourcemod\escghn\sp\src\vgui2\vgui_controls\debug\scrollbarslider.obj
d:\projects\programming\sourcemod\escghn\sp\src\vgui2\vgui_controls\debug\expandbutton.obj
d:\projects\programming\sourcemod\escghn\sp\src\vgui2\vgui_controls\debug\imagepanel.obj
d:\projects\programming\sourcemod\escghn\sp\src\vgui2\vgui_controls\debug\perforcefilelist.obj
d:\projects\programming\sourcemod\escghn\sp\src\vgui2\vgui_controls\debug\splitter.obj
d:\projects\programming\sourcemod\escghn\sp\src\vgui2\vgui_controls\debug\buildmodedialog.obj
d:\projects\programming\sourcemod\escghn\sp\src\vgui2\vgui_controls\debug\menubar.obj
d:\projects\programming\sourcemod\escghn\sp\src\vgui2\vgui_controls\debug\propertypage.obj
d:\projects\programming\sourcemod\escghn\sp\src\vgui2\vgui_controls\debug\toolwindow.obj
d:\projects\programming\sourcemod\escghn\sp\src\vgui2\vgui_controls\debug\cvartogglecheckbutton.obj
d:\projects\programming\sourcemod\escghn\sp\src\vgui2\vgui_controls\debug\keyboardeditordialog.obj
d:\projects\programming\sourcemod\escghn\sp\src\vgui2\vgui_controls\debug\propertysheet.obj
d:\projects\programming\sourcemod\escghn\sp\src\vgui2\vgui_controls\debug\vgui_key_translation.obj
d:\projects\programming\sourcemod\escghn\sp\src\vgui2\vgui_controls\debug\consoledialog.obj
d:\projects\programming\sourcemod\escghn\sp\src\vgui2\vgui_controls\debug\listpanel.obj
d:\projects\programming\sourcemod\escghn\sp\src\vgui2\vgui_controls\debug\richtext.obj
d:\projects\programming\sourcemod\escghn\sp\src\vgui2\vgui_controls\debug\directoryselectdialog.obj
d:\projects\programming\sourcemod\escghn\sp\src\vgui2\vgui_controls\debug\menu.obj
d:\projects\programming\sourcemod\escghn\sp\src\vgui2\vgui_controls\debug\sectionedlistpanel.obj
d:\projects\programming\sourcemod\escghn\sp\src\vgui2\vgui_controls\debug\combobox.obj
d:\projects\programming\sourcemod\escghn\sp\src\vgui2\vgui_controls\debug\keybindinghelpdialog.obj
d:\projects\programming\sourcemod\escghn\sp\src\vgui2\vgui_controls\debug\propertydialog.obj
d:\projects\programming\sourcemod\escghn\sp\src\vgui2\vgui_controls\debug\togglebutton.obj
d:\projects\programming\sourcemod\escghn\sp\src\vgui2\vgui_controls\debug\animationcontroller.obj
d:\projects\programming\sourcemod\escghn\sp\src\vgui2\vgui_controls\debug\listviewpanel.obj
d:\projects\programming\sourcemod\escghn\sp\src\vgui2\vgui_controls\debug\querybox.obj
d:\projects\programming\sourcemod\escghn\sp\src\vgui2\vgui_controls\debug\treeview.obj
d:\projects\programming\sourcemod\escghn\sp\src\vgui2\vgui_controls\debug\circularprogressbar.obj
d:\projects\programming\sourcemod\escghn\sp\src\vgui2\vgui_controls\debug\html.obj
d:\projects\programming\sourcemod\escghn\sp\src\vgui2\vgui_controls\debug\scrollbar.obj
d:\projects\programming\sourcemod\escghn\sp\src\vgui2\vgui_controls\debug\button.obj
d:\projects\programming\sourcemod\escghn\sp\src\vgui2\vgui_controls\debug\image.obj
d:\projects\programming\sourcemod\escghn\sp\src\vgui2\vgui_controls\debug\panellistpanel.obj
d:\projects\programming\sourcemod\escghn\sp\src\vgui2\vgui_controls\debug\slider.obj
d:\projects\programming\sourcemod\escghn\sp\src\vgui2\vgui_controls\debug\buildgroup.obj
d:\projects\programming\sourcemod\escghn\sp\src\vgui2\vgui_controls\debug\label.obj
d:\projects\programming\sourcemod\escghn\sp\src\vgui2\vgui_controls\debug\perforcefilelistframe.obj
d:\projects\programming\sourcemod\escghn\sp\src\vgui2\vgui_controls\debug\tooltip.obj
d:\projects\programming\sourcemod\escghn\sp\src\vgui2\vgui_controls\debug\animatingimagepanel.obj
d:\projects\programming\sourcemod\escghn\sp\src\vgui2\vgui_controls\debug\fileopenstatemachine.obj
d:\projects\programming\sourcemod\escghn\sp\src\vgui2\vgui_controls\debug\messagebox.obj
d:\projects\programming\sourcemod\escghn\sp\src\vgui2\vgui_controls\debug\scrollableeditablepanel.obj
d:\projects\programming\sourcemod\escghn\sp\src\vgui2\vgui_controls\debug\checkbuttonlist.obj
d:\projects\programming\sourcemod\escghn\sp\src\vgui2\vgui_controls\debug\keyrepeat.obj
d:\projects\programming\sourcemod\escghn\sp\src\vgui2\vgui_controls\debug\scalableimagepanel.obj
d:\projects\programming\sourcemod\escghn\sp\src\vgui2\vgui_controls\debug\controllermap.obj
d:\projects\programming\sourcemod\escghn\sp\src\vgui2\vgui_controls\debug\inputdialog.obj
d:\projects\programming\sourcemod\escghn\sp\src\vgui2\vgui_controls\debug\progressbox.obj
d:\projects\programming\sourcemod\escghn\sp\src\vgui2\vgui_controls\debug\textentry.obj
d:\projects\programming\sourcemod\escghn\sp\src\vgui2\vgui_controls\debug\analogbar.obj
d:\projects\programming\sourcemod\escghn\sp\src\vgui2\vgui_controls\debug\fileopendialog.obj
d:\projects\programming\sourcemod\escghn\sp\src\vgui2\vgui_controls\debug\rotatingprogressbar.obj
d:\projects\programming\sourcemod\escghn\sp\src\vgui2\vgui_controls\debug\urllabel.obj
d:\projects\programming\sourcemod\escghn\sp\src\vgui2\vgui_controls\debug\editablepanel.obj
d:\projects\programming\sourcemod\escghn\sp\src\vgui2\vgui_controls\debug\menubutton.obj
d:\projects\programming\sourcemod\escghn\sp\src\vgui2\vgui_controls\debug\radiobutton.obj
d:\projects\programming\sourcemod\escghn\sp\src\vgui2\vgui_controls\debug\treeviewlistcontrol.obj
d:\projects\programming\sourcemod\escghn\sp\src\vgui2\vgui_controls\debug\buildfactoryhelper.obj
d:\projects\programming\sourcemod\escghn\sp\src\vgui2\vgui_controls\debug\filesystem_helpers.obj
d:\projects\programming\sourcemod\escghn\sp\src\vgui2\vgui_controls\debug\menuitem.obj
d:\projects\programming\sourcemod\escghn\sp\src\vgui2\vgui_controls\debug\savedocumentquery.obj
d:\projects\programming\sourcemod\escghn\sp\src\vgui2\vgui_controls\debug\wizardsubpanel.obj
d:\projects\programming\sourcemod\escghn\sp\src\vgui2\vgui_controls\debug\bitmapimagepanel.obj
d:\projects\programming\sourcemod\escghn\sp\src\vgui2\vgui_controls\debug\graphpanel.obj
d:\projects\programming\sourcemod\escghn\sp\src\vgui2\vgui_controls\debug\perforcefileexplorer.obj
d:\projects\programming\sourcemod\escghn\sp\src\vgui2\vgui_controls\debug\subrectimage.obj
d:\projects\programming\sourcemod\escghn\sp\src\vgui2\vgui_controls\debug\vgui_controls.pdb
d:\projects\programming\sourcemod\escghn\sp\src\vgui2\vgui_controls\vgui_controls.vpc.sentinel
d:\projects\programming\sourcemod\escghn\sp\src\lib\public\vgui_controls.lib
d:\projects\programming\sourcemod\escghn\sp\src\vgui2\vgui_controls\debug\vgui_controls.idb
d:\projects\programming\sourcemod\escghn\sp\src\vgui2\vgui_controls\debug\vgui_controls.tlog\cl.10392.write.1.tlog
d:\projects\programming\sourcemod\escghn\sp\src\vgui2\vgui_controls\debug\vgui_controls.tlog\cl.command.1.tlog
d:\projects\programming\sourcemod\escghn\sp\src\vgui2\vgui_controls\debug\vgui_controls.tlog\cl.items.tlog
d:\projects\programming\sourcemod\escghn\sp\src\vgui2\vgui_controls\debug\vgui_controls.tlog\cl.read.1.tlog
d:\projects\programming\sourcemod\escghn\sp\src\vgui2\vgui_controls\debug\vgui_controls.tlog\custombuild.command.1.tlog
d:\projects\programming\sourcemod\escghn\sp\src\vgui2\vgui_controls\debug\vgui_controls.tlog\custombuild.read.1.tlog
d:\projects\programming\sourcemod\escghn\sp\src\vgui2\vgui_controls\debug\vgui_controls.tlog\custombuild.write.1.tlog
d:\projects\programming\sourcemod\escghn\sp\src\vgui2\vgui_controls\debug\vgui_controls.tlog\lib-link.write.1.tlog
d:\projects\programming\sourcemod\escghn\sp\src\vgui2\vgui_controls\debug\vgui_controls.tlog\lib.command.1.tlog
d:\projects\programming\sourcemod\escghn\sp\src\vgui2\vgui_controls\debug\vgui_controls.tlog\lib.read.1.tlog
