d:\projects\programming\sourcemod\escghn\escghn\mathlib\debug\mathlib_base.obj
d:\projects\programming\sourcemod\escghn\escghn\mathlib\debug\spherical.obj
d:\projects\programming\sourcemod\escghn\escghn\mathlib\debug\color_conversion.obj
d:\projects\programming\sourcemod\escghn\escghn\mathlib\debug\randsse.obj
d:\projects\programming\sourcemod\escghn\escghn\mathlib\debug\sse.obj
d:\projects\programming\sourcemod\escghn\escghn\mathlib\debug\bumpvects.obj
d:\projects\programming\sourcemod\escghn\escghn\mathlib\debug\3dnow.obj
d:\projects\programming\sourcemod\escghn\escghn\mathlib\debug\simdvectormatrix.obj
d:\projects\programming\sourcemod\escghn\escghn\mathlib\debug\quantize.obj
d:\projects\programming\sourcemod\escghn\escghn\mathlib\debug\polyhedron.obj
d:\projects\programming\sourcemod\escghn\escghn\mathlib\debug\anorms.obj
d:\projects\programming\sourcemod\escghn\escghn\mathlib\debug\almostequal.obj
d:\projects\programming\sourcemod\escghn\escghn\mathlib\debug\imagequant.obj
d:\projects\programming\sourcemod\escghn\escghn\mathlib\debug\vmatrix.obj
d:\projects\programming\sourcemod\escghn\escghn\mathlib\debug\powsse.obj
d:\projects\programming\sourcemod\escghn\escghn\mathlib\debug\sseconst.obj
d:\projects\programming\sourcemod\escghn\escghn\mathlib\debug\lightdesc.obj
d:\projects\programming\sourcemod\escghn\escghn\mathlib\debug\sparse_convolution_noise.obj
d:\projects\programming\sourcemod\escghn\escghn\mathlib\debug\icekey.obj
d:\projects\programming\sourcemod\escghn\escghn\mathlib\debug\vector.obj
d:\projects\programming\sourcemod\escghn\escghn\mathlib\debug\ssenoise.obj
d:\projects\programming\sourcemod\escghn\escghn\mathlib\debug\halton.obj
d:\projects\programming\sourcemod\escghn\escghn\mathlib\debug\mathlib.pdb
d:\projects\programming\sourcemod\escghn\sp\src\mathlib\mathlib.vpc.sentinel
d:\projects\programming\sourcemod\escghn\escghn\lib\public\mathlib.lib
d:\projects\programming\sourcemod\escghn\escghn\mathlib\debug\mathlib.idb
d:\projects\programming\sourcemod\escghn\escghn\mathlib\debug\mathlib.tlog\cl.10468.write.1.tlog
d:\projects\programming\sourcemod\escghn\escghn\mathlib\debug\mathlib.tlog\cl.command.1.tlog
d:\projects\programming\sourcemod\escghn\escghn\mathlib\debug\mathlib.tlog\cl.items.tlog
d:\projects\programming\sourcemod\escghn\escghn\mathlib\debug\mathlib.tlog\cl.read.1.tlog
d:\projects\programming\sourcemod\escghn\escghn\mathlib\debug\mathlib.tlog\custombuild.command.1.tlog
d:\projects\programming\sourcemod\escghn\escghn\mathlib\debug\mathlib.tlog\custombuild.read.1.tlog
d:\projects\programming\sourcemod\escghn\escghn\mathlib\debug\mathlib.tlog\custombuild.write.1.tlog
d:\projects\programming\sourcemod\escghn\escghn\mathlib\debug\mathlib.tlog\lib-link.write.1.tlog
d:\projects\programming\sourcemod\escghn\escghn\mathlib\debug\mathlib.tlog\lib.command.1.tlog
d:\projects\programming\sourcemod\escghn\escghn\mathlib\debug\mathlib.tlog\lib.read.1.tlog
