d:\projects\programming\sourcemod\escghn\sp\src\materialsystem\stdshaders\release_dx9_mod_episodic\light_volumetrics.obj
d:\projects\programming\sourcemod\escghn\sp\src\materialsystem\stdshaders\release_dx9_mod_episodic\example_model_dx9_helper.obj
d:\projects\programming\sourcemod\escghn\sp\src\materialsystem\stdshaders\release_dx9_mod_episodic\shadowbuild_dx9.obj
d:\projects\programming\sourcemod\escghn\sp\src\materialsystem\stdshaders\release_dx9_mod_episodic\bloom.obj
d:\projects\programming\sourcemod\escghn\sp\src\materialsystem\stdshaders\release_dx9_mod_episodic\worldvertextransition.obj
d:\projects\programming\sourcemod\escghn\sp\src\materialsystem\stdshaders\release_dx9_mod_episodic\refract_dx9_helper.obj
d:\projects\programming\sourcemod\escghn\sp\src\materialsystem\stdshaders\release_dx9_mod_episodic\example_model_dx9.obj
d:\projects\programming\sourcemod\escghn\sp\src\materialsystem\stdshaders\release_dx9_mod_episodic\lightmappedgeneric_dx9.obj
d:\projects\programming\sourcemod\escghn\sp\src\materialsystem\stdshaders\release_dx9_mod_episodic\screenspace_general.obj
d:\projects\programming\sourcemod\escghn\sp\src\materialsystem\stdshaders\release_dx9_mod_episodic\basevsshader.obj
d:\projects\programming\sourcemod\escghn\sp\src\materialsystem\stdshaders\release_dx9_mod_episodic\cloak_blended_pass_helper.obj
d:\projects\programming\sourcemod\escghn\sp\src\materialsystem\stdshaders\release_dx9_mod_episodic\splinerope.obj
d:\projects\programming\sourcemod\escghn\sp\src\materialsystem\stdshaders\release_dx9_mod_episodic\water.obj
d:\projects\programming\sourcemod\escghn\sp\src\materialsystem\stdshaders\release_dx9_mod_episodic\shadow.obj
d:\projects\programming\sourcemod\escghn\sp\src\materialsystem\stdshaders\release_dx9_mod_episodic\emissive_scroll_blended_pass_helper.obj
d:\projects\programming\sourcemod\escghn\sp\src\materialsystem\stdshaders\release_dx9_mod_episodic\vertexlitgeneric_dx9.obj
d:\projects\programming\sourcemod\escghn\sp\src\materialsystem\stdshaders\release_dx9_mod_episodic\refract.obj
d:\projects\programming\sourcemod\escghn\sp\src\materialsystem\stdshaders\release_dx9_mod_episodic\shadowmodel_dx9.obj
d:\projects\programming\sourcemod\escghn\sp\src\materialsystem\stdshaders\release_dx9_mod_episodic\pointeroverride.obj
d:\projects\programming\sourcemod\escghn\sp\src\materialsystem\stdshaders\game_shader_dx9_episodic.vpc.sentinel
d:\projects\programming\sourcemod\escghn\sp\src\materialsystem\stdshaders\release_dx9_mod_episodic\vc143.pdb
d:\projects\programming\sourcemod\escghn\sp\src\materialsystem\stdshaders\release_dx9_mod_episodic\shaders .73f37a6e.tlog\cl.11332.write.1.tlog
d:\projects\programming\sourcemod\escghn\sp\src\materialsystem\stdshaders\release_dx9_mod_episodic\shaders .73f37a6e.tlog\cl.command.1.tlog
d:\projects\programming\sourcemod\escghn\sp\src\materialsystem\stdshaders\release_dx9_mod_episodic\shaders .73f37a6e.tlog\cl.read.1.tlog
d:\projects\programming\sourcemod\escghn\sp\src\materialsystem\stdshaders\release_dx9_mod_episodic\shaders .73f37a6e.tlog\custombuild.command.1.tlog
d:\projects\programming\sourcemod\escghn\sp\src\materialsystem\stdshaders\release_dx9_mod_episodic\shaders .73f37a6e.tlog\custombuild.read.1.tlog
d:\projects\programming\sourcemod\escghn\sp\src\materialsystem\stdshaders\release_dx9_mod_episodic\shaders .73f37a6e.tlog\custombuild.write.1.tlog
