d:\projects\programming\sourcemod\escghn\sp\src\tier1\release\stringpool.obj
d:\projects\programming\sourcemod\escghn\sp\src\tier1\release\commandbuffer.obj
d:\projects\programming\sourcemod\escghn\sp\src\tier1\release\utlbuffer.obj
d:\projects\programming\sourcemod\escghn\sp\src\tier1\release\reliabletimer.obj
d:\projects\programming\sourcemod\escghn\sp\src\tier1\release\datamanager.obj
d:\projects\programming\sourcemod\escghn\sp\src\tier1\release\strtools.obj
d:\projects\programming\sourcemod\escghn\sp\src\tier1\release\checksum_md5.obj
d:\projects\programming\sourcemod\escghn\sp\src\tier1\release\rangecheckedvar.obj
d:\projects\programming\sourcemod\escghn\sp\src\tier1\release\utlsymbol.obj
d:\projects\programming\sourcemod\escghn\sp\src\tier1\release\snappy-sinksource.obj
d:\projects\programming\sourcemod\escghn\sp\src\tier1\release\tier1.obj
d:\projects\programming\sourcemod\escghn\sp\src\tier1\release\checksum_sha1.obj
d:\projects\programming\sourcemod\escghn\sp\src\tier1\release\memstack.obj
d:\projects\programming\sourcemod\escghn\sp\src\tier1\release\byteswap.obj
d:\projects\programming\sourcemod\escghn\sp\src\tier1\release\mempool.obj
d:\projects\programming\sourcemod\escghn\sp\src\tier1\release\uniqueid.obj
d:\projects\programming\sourcemod\escghn\sp\src\tier1\release\convar.obj
d:\projects\programming\sourcemod\escghn\sp\src\tier1\release\tokenreader.obj
d:\projects\programming\sourcemod\escghn\sp\src\tier1\release\lzmadecoder.obj
d:\projects\programming\sourcemod\escghn\sp\src\tier1\release\utlbufferutil.obj
d:\projects\programming\sourcemod\escghn\sp\src\tier1\release\snappy-stubs-internal.obj
d:\projects\programming\sourcemod\escghn\sp\src\tier1\release\interface.obj
d:\projects\programming\sourcemod\escghn\sp\src\tier1\release\ilocalize.obj
d:\projects\programming\sourcemod\escghn\sp\src\tier1\release\diff.obj
d:\projects\programming\sourcemod\escghn\sp\src\tier1\release\newbitbuf.obj
d:\projects\programming\sourcemod\escghn\sp\src\tier1\release\characterset.obj
d:\projects\programming\sourcemod\escghn\sp\src\tier1\release\keyvalues.obj
d:\projects\programming\sourcemod\escghn\sp\src\tier1\release\generichash.obj
d:\projects\programming\sourcemod\escghn\sp\src\tier1\release\splitstring.obj
d:\projects\programming\sourcemod\escghn\sp\src\tier1\release\checksum_crc.obj
d:\projects\programming\sourcemod\escghn\sp\src\tier1\release\kvpacker.obj
d:\projects\programming\sourcemod\escghn\sp\src\tier1\release\utlstring.obj
d:\projects\programming\sourcemod\escghn\sp\src\tier1\release\bitbuf.obj
d:\projects\programming\sourcemod\escghn\sp\src\tier1\release\sparsematrix.obj
d:\projects\programming\sourcemod\escghn\sp\src\tier1\release\netadr.obj
d:\projects\programming\sourcemod\escghn\sp\src\tier1\tier1.vpc.sentinel
d:\projects\programming\sourcemod\escghn\sp\src\tier1\release\tier1.tlog\cl.command.1.tlog
d:\projects\programming\sourcemod\escghn\sp\src\tier1\release\tier1.tlog\cl.read.1.tlog
d:\projects\programming\sourcemod\escghn\sp\src\tier1\release\tier1.tlog\cl.write.1.tlog
d:\projects\programming\sourcemod\escghn\sp\src\tier1\release\tier1.tlog\custombuild.command.1.tlog
d:\projects\programming\sourcemod\escghn\sp\src\tier1\release\tier1.tlog\custombuild.read.1.tlog
d:\projects\programming\sourcemod\escghn\sp\src\tier1\release\tier1.tlog\custombuild.write.1.tlog
