d:\projects\programming\sourcemod\escghn\sp\src\utils\qc_eyes\debug\qc_eyes.pch
d:\projects\programming\sourcemod\escghn\sp\src\utils\qc_eyes\release\vc143.pdb
d:\projects\programming\sourcemod\escghn\sp\src\utils\qc_eyes\release\stdafx.obj
d:\projects\programming\sourcemod\escghn\sp\src\utils\qc_eyes\release\qc_eyes.obj
d:\projects\programming\sourcemod\escghn\sp\src\utils\qc_eyes\release\qc_eyesdlg.obj
d:\projects\programming\sourcemod\escghn\sp\src\utils\qc_eyes\release\pointeroverride.obj
d:\projects\programming\sourcemod\escghn\sp\src\utils\qc_eyes\qc_eyes.vpc.sentinel
d:\projects\programming\sourcemod\escghn\sp\src\utils\qc_eyes\release\qc_eyes.res
d:\projects\programming\sourcemod\escghn\sp\src\utils\qc_eyes\release\qc_eyes.tlog\cl.command.1.tlog
d:\projects\programming\sourcemod\escghn\sp\src\utils\qc_eyes\release\qc_eyes.tlog\cl.read.1.tlog
d:\projects\programming\sourcemod\escghn\sp\src\utils\qc_eyes\release\qc_eyes.tlog\cl.write.1.tlog
d:\projects\programming\sourcemod\escghn\sp\src\utils\qc_eyes\release\qc_eyes.tlog\custombuild.command.1.tlog
d:\projects\programming\sourcemod\escghn\sp\src\utils\qc_eyes\release\qc_eyes.tlog\custombuild.read.1.tlog
d:\projects\programming\sourcemod\escghn\sp\src\utils\qc_eyes\release\qc_eyes.tlog\custombuild.write.1.tlog
d:\projects\programming\sourcemod\escghn\sp\src\utils\qc_eyes\release\qc_eyes.tlog\link.command.1.tlog
d:\projects\programming\sourcemod\escghn\sp\src\utils\qc_eyes\release\qc_eyes.tlog\link.read.1.tlog
d:\projects\programming\sourcemod\escghn\sp\src\utils\qc_eyes\release\qc_eyes.tlog\link.write.1.tlog
d:\projects\programming\sourcemod\escghn\sp\src\utils\qc_eyes\release\qc_eyes.tlog\rc.command.1.tlog
d:\projects\programming\sourcemod\escghn\sp\src\utils\qc_eyes\release\qc_eyes.tlog\rc.read.1.tlog
d:\projects\programming\sourcemod\escghn\sp\src\utils\qc_eyes\release\qc_eyes.tlog\rc.write.1.tlog
