d:\projects\programming\sourcemod\escghn\sp\src\mathlib\release\imagequant.obj
d:\projects\programming\sourcemod\escghn\sp\src\mathlib\release\lightdesc.obj
d:\projects\programming\sourcemod\escghn\sp\src\mathlib\release\anorms.obj
d:\projects\programming\sourcemod\escghn\sp\src\mathlib\release\mathlib_base.obj
d:\projects\programming\sourcemod\escghn\sp\src\mathlib\release\3dnow.obj
d:\projects\programming\sourcemod\escghn\sp\src\mathlib\release\sse.obj
d:\projects\programming\sourcemod\escghn\sp\src\mathlib\release\almostequal.obj
d:\projects\programming\sourcemod\escghn\sp\src\mathlib\release\sseconst.obj
d:\projects\programming\sourcemod\escghn\sp\src\mathlib\release\simdvectormatrix.obj
d:\projects\programming\sourcemod\escghn\sp\src\mathlib\release\bumpvects.obj
d:\projects\programming\sourcemod\escghn\sp\src\mathlib\release\vector.obj
d:\projects\programming\sourcemod\escghn\sp\src\mathlib\release\spherical.obj
d:\projects\programming\sourcemod\escghn\sp\src\mathlib\release\randsse.obj
d:\projects\programming\sourcemod\escghn\sp\src\mathlib\release\sparse_convolution_noise.obj
d:\projects\programming\sourcemod\escghn\sp\src\mathlib\release\quantize.obj
d:\projects\programming\sourcemod\escghn\sp\src\mathlib\release\color_conversion.obj
d:\projects\programming\sourcemod\escghn\sp\src\mathlib\release\ssenoise.obj
d:\projects\programming\sourcemod\escghn\sp\src\mathlib\release\icekey.obj
d:\projects\programming\sourcemod\escghn\sp\src\mathlib\release\vmatrix.obj
d:\projects\programming\sourcemod\escghn\sp\src\mathlib\release\powsse.obj
d:\projects\programming\sourcemod\escghn\sp\src\mathlib\release\polyhedron.obj
d:\projects\programming\sourcemod\escghn\sp\src\mathlib\release\halton.obj
d:\projects\programming\sourcemod\escghn\sp\src\mathlib\mathlib.vpc.sentinel
d:\projects\programming\sourcemod\escghn\sp\src\lib\public\mathlib.lib
d:\projects\programming\sourcemod\escghn\sp\src\mathlib\release\mathlib.tlog\cl.21276.write.1.tlog
d:\projects\programming\sourcemod\escghn\sp\src\mathlib\release\mathlib.tlog\cl.command.1.tlog
d:\projects\programming\sourcemod\escghn\sp\src\mathlib\release\mathlib.tlog\cl.items.tlog
d:\projects\programming\sourcemod\escghn\sp\src\mathlib\release\mathlib.tlog\cl.read.1.tlog
d:\projects\programming\sourcemod\escghn\sp\src\mathlib\release\mathlib.tlog\custombuild.command.1.tlog
d:\projects\programming\sourcemod\escghn\sp\src\mathlib\release\mathlib.tlog\custombuild.read.1.tlog
d:\projects\programming\sourcemod\escghn\sp\src\mathlib\release\mathlib.tlog\custombuild.write.1.tlog
d:\projects\programming\sourcemod\escghn\sp\src\mathlib\release\mathlib.tlog\lib-link.write.1.tlog
d:\projects\programming\sourcemod\escghn\sp\src\mathlib\release\mathlib.tlog\lib.command.1.tlog
d:\projects\programming\sourcemod\escghn\sp\src\mathlib\release\mathlib.tlog\lib.read.1.tlog
