  Running VPC CRC Check - game_shader_dx9_episodic.vpc
  depthwrite.cpp
  flesh_interior_blended_pass_helper.cpp
  lightmappedgeneric_dx9_helper.cpp
  skin_dx9_helper.cpp
  teeth.cpp
  vertexlitgeneric_dx9_helper.cpp
D:\PROJECTS\PROGRAMMING\SOURCEMOD\escghn\sp\src\materialsystem\stdshaders\flesh_interior_blended_pass_helper.cpp(231,3): error C2039: 'm_bStaticLightVertex': is not a member of 'LightState_t'
      D:\PROJECTS\PROGRAMMING\SOURCEMOD\escghn\sp\src\public\shaderapi\ishaderdynamic.h(35,8):
      see declaration of 'LightState_t'
  
D:\PROJECTS\PROGRAMMING\SOURCEMOD\escghn\sp\src\materialsystem\stdshaders\flesh_interior_blended_pass_helper.cpp(231,3): warning C4477: 'printf' : format string '%d' requires an argument of type 'int', but variadic argument 2 has type 'const char *'
D:\PROJECTS\PROGRAMMING\SOURCEMOD\escghn\sp\src\materialsystem\stdshaders\flesh_interior_blended_pass_helper.cpp(231,3): warning C4473: 'printf' : not enough arguments passed for format string
      D:\PROJECTS\PROGRAMMING\SOURCEMOD\escghn\sp\src\materialsystem\stdshaders\flesh_interior_blended_pass_helper.cpp(231,3):
      placeholders and their parameters expect 3 variadic arguments, but 2 were provided
      D:\PROJECTS\PROGRAMMING\SOURCEMOD\escghn\sp\src\materialsystem\stdshaders\flesh_interior_blended_pass_helper.cpp(231,3):
      the missing variadic argument 3 is required by format string '%s'
  
D:\PROJECTS\PROGRAMMING\SOURCEMOD\escghn\sp\src\materialsystem\stdshaders\depthwrite.cpp(220,70): error C2065: 'VECTOR_RENDERPARM_WIND_DIRECTION': undeclared identifier
D:\PROJECTS\PROGRAMMING\SOURCEMOD\escghn\sp\src\materialsystem\stdshaders\depthwrite.cpp(220,27): error C2530: 'windDir': references must be initialized
D:\PROJECTS\PROGRAMMING\SOURCEMOD\escghn\sp\src\materialsystem\stdshaders\skin_dx9_helper.cpp(632,48): error C2078: too many initializers
D:\PROJECTS\PROGRAMMING\SOURCEMOD\escghn\sp\src\materialsystem\stdshaders\skin_dx9_helper.cpp(670,79): error C2065: 'INT_CASCADED_DEPTHTEXTURE': undeclared identifier
D:\PROJECTS\PROGRAMMING\SOURCEMOD\escghn\sp\src\materialsystem\stdshaders\skin_dx9_helper.cpp(675,82): error C2065: 'INT_CASCADED_MATRIX_ADDRESS_0': undeclared identifier
D:\PROJECTS\PROGRAMMING\SOURCEMOD\escghn\sp\src\materialsystem\stdshaders\skin_dx9_helper.cpp(678,77): error C2065: 'VECTOR_RENDERPARM_GSTRING_CASCADED_FORWARD': undeclared identifier
D:\PROJECTS\PROGRAMMING\SOURCEMOD\escghn\sp\src\materialsystem\stdshaders\skin_dx9_helper.cpp(678,34): error C2530: 'vecCascadedFwd': references must be initialized
D:\PROJECTS\PROGRAMMING\SOURCEMOD\escghn\sp\src\materialsystem\stdshaders\skin_dx9_helper.cpp(696,77): error C2065: 'VECTOR_RENDERPARM_GSTRING_CASCADED_STEP': undeclared identifier
D:\PROJECTS\PROGRAMMING\SOURCEMOD\escghn\sp\src\materialsystem\stdshaders\teeth.cpp(240,6): error C2039: 'm_bStaticLightVertex': is not a member of 'LightState_t'
      D:\PROJECTS\PROGRAMMING\SOURCEMOD\escghn\sp\src\public\shaderapi\ishaderdynamic.h(35,8):
      see declaration of 'LightState_t'
  
D:\PROJECTS\PROGRAMMING\SOURCEMOD\escghn\sp\src\materialsystem\stdshaders\teeth.cpp(240,6): warning C4477: 'printf' : format string '%d' requires an argument of type 'int', but variadic argument 2 has type 'const char *'
D:\PROJECTS\PROGRAMMING\SOURCEMOD\escghn\sp\src\materialsystem\stdshaders\teeth.cpp(240,6): warning C4473: 'printf' : not enough arguments passed for format string
      D:\PROJECTS\PROGRAMMING\SOURCEMOD\escghn\sp\src\materialsystem\stdshaders\teeth.cpp(240,6):
      placeholders and their parameters expect 3 variadic arguments, but 2 were provided
      D:\PROJECTS\PROGRAMMING\SOURCEMOD\escghn\sp\src\materialsystem\stdshaders\teeth.cpp(240,6):
      the missing variadic argument 3 is required by format string '%s'
  
D:\PROJECTS\PROGRAMMING\SOURCEMOD\escghn\sp\src\materialsystem\stdshaders\teeth.cpp(279,6): error C2039: 'm_bStaticLightVertex': is not a member of 'LightState_t'
      D:\PROJECTS\PROGRAMMING\SOURCEMOD\escghn\sp\src\public\shaderapi\ishaderdynamic.h(35,8):
      see declaration of 'LightState_t'
  
D:\PROJECTS\PROGRAMMING\SOURCEMOD\escghn\sp\src\materialsystem\stdshaders\teeth.cpp(279,6): warning C4477: 'printf' : format string '%d' requires an argument of type 'int', but variadic argument 2 has type 'const char *'
D:\PROJECTS\PROGRAMMING\SOURCEMOD\escghn\sp\src\materialsystem\stdshaders\teeth.cpp(279,6): warning C4473: 'printf' : not enough arguments passed for format string
      D:\PROJECTS\PROGRAMMING\SOURCEMOD\escghn\sp\src\materialsystem\stdshaders\teeth.cpp(279,6):
      placeholders and their parameters expect 3 variadic arguments, but 2 were provided
      D:\PROJECTS\PROGRAMMING\SOURCEMOD\escghn\sp\src\materialsystem\stdshaders\teeth.cpp(279,6):
      the missing variadic argument 3 is required by format string '%s'
  
D:\PROJECTS\PROGRAMMING\SOURCEMOD\escghn\sp\src\materialsystem\stdshaders\teeth.cpp(312,6): error C2039: 'm_bStaticLightVertex': is not a member of 'LightState_t'
      D:\PROJECTS\PROGRAMMING\SOURCEMOD\escghn\sp\src\public\shaderapi\ishaderdynamic.h(35,8):
      see declaration of 'LightState_t'
  
D:\PROJECTS\PROGRAMMING\SOURCEMOD\escghn\sp\src\materialsystem\stdshaders\teeth.cpp(312,6): warning C4477: 'printf' : format string '%d' requires an argument of type 'int', but variadic argument 2 has type 'const char *'
D:\PROJECTS\PROGRAMMING\SOURCEMOD\escghn\sp\src\materialsystem\stdshaders\teeth.cpp(312,6): warning C4473: 'printf' : not enough arguments passed for format string
      D:\PROJECTS\PROGRAMMING\SOURCEMOD\escghn\sp\src\materialsystem\stdshaders\teeth.cpp(312,6):
      placeholders and their parameters expect 3 variadic arguments, but 2 were provided
      D:\PROJECTS\PROGRAMMING\SOURCEMOD\escghn\sp\src\materialsystem\stdshaders\teeth.cpp(312,6):
      the missing variadic argument 3 is required by format string '%s'
  
D:\PROJECTS\PROGRAMMING\SOURCEMOD\escghn\sp\src\materialsystem\stdshaders\teeth.cpp(342,6): error C2039: 'm_bStaticLightVertex': is not a member of 'LightState_t'
      D:\PROJECTS\PROGRAMMING\SOURCEMOD\escghn\sp\src\public\shaderapi\ishaderdynamic.h(35,8):
      see declaration of 'LightState_t'
  
D:\PROJECTS\PROGRAMMING\SOURCEMOD\escghn\sp\src\materialsystem\stdshaders\teeth.cpp(342,6): warning C4477: 'printf' : format string '%d' requires an argument of type 'int', but variadic argument 2 has type 'const char *'
D:\PROJECTS\PROGRAMMING\SOURCEMOD\escghn\sp\src\materialsystem\stdshaders\teeth.cpp(342,6): warning C4473: 'printf' : not enough arguments passed for format string
      D:\PROJECTS\PROGRAMMING\SOURCEMOD\escghn\sp\src\materialsystem\stdshaders\teeth.cpp(342,6):
      placeholders and their parameters expect 3 variadic arguments, but 2 were provided
      D:\PROJECTS\PROGRAMMING\SOURCEMOD\escghn\sp\src\materialsystem\stdshaders\teeth.cpp(342,6):
      the missing variadic argument 3 is required by format string '%s'
  
D:\PROJECTS\PROGRAMMING\SOURCEMOD\escghn\sp\src\materialsystem\stdshaders\lightmappedgeneric_dx9_helper.cpp(286,37): error C2065: 'INT_FLASHLIGHT_DEPTHTEXTURE_FALLBACK_LAST': undeclared identifier
D:\PROJECTS\PROGRAMMING\SOURCEMOD\escghn\sp\src\materialsystem\stdshaders\lightmappedgeneric_dx9_helper.cpp(286,81): error C2065: 'INT_FLASHLIGHT_DEPTHTEXTURE_FALLBACK_FIRST': undeclared identifier
D:\PROJECTS\PROGRAMMING\SOURCEMOD\escghn\sp\src\materialsystem\stdshaders\lightmappedgeneric_dx9_helper.cpp(288,82): error C2065: 'INT_FLASHLIGHT_DEPTHTEXTURE_FALLBACK_FIRST': undeclared identifier
D:\PROJECTS\PROGRAMMING\SOURCEMOD\escghn\sp\src\materialsystem\stdshaders\lightmappedgeneric_dx9_helper.cpp(1170,10): warning C4456: declaration of 'hasEnvmapMask' hides previous local declaration
      D:\PROJECTS\PROGRAMMING\SOURCEMOD\escghn\sp\src\materialsystem\stdshaders\lightmappedgeneric_dx9_helper.cpp(798,8):
      see declaration of 'hasEnvmapMask'
  
D:\PROJECTS\PROGRAMMING\SOURCEMOD\escghn\sp\src\materialsystem\stdshaders\lightmappedgeneric_dx9_helper.cpp(1299,11): warning C4456: declaration of 'color' hides previous local declaration
      D:\PROJECTS\PROGRAMMING\SOURCEMOD\escghn\sp\src\materialsystem\stdshaders\lightmappedgeneric_dx9_helper.cpp(1189,10):
      see declaration of 'color'
  
D:\PROJECTS\PROGRAMMING\SOURCEMOD\escghn\sp\src\materialsystem\stdshaders\lightmappedgeneric_dx9_helper.cpp(1429,115): error C2065: 'INT_CASCADED_DEPTHTEXTURE': undeclared identifier
D:\PROJECTS\PROGRAMMING\SOURCEMOD\escghn\sp\src\materialsystem\stdshaders\lightmappedgeneric_dx9_helper.cpp(1569,81): error C2065: 'INT_CASCADED_MATRIX_ADDRESS_0': undeclared identifier
D:\PROJECTS\PROGRAMMING\SOURCEMOD\escghn\sp\src\materialsystem\stdshaders\lightmappedgeneric_dx9_helper.cpp(1572,75): error C2065: 'VECTOR_RENDERPARM_GSTRING_CASCADED_FORWARD': undeclared identifier
D:\PROJECTS\PROGRAMMING\SOURCEMOD\escghn\sp\src\materialsystem\stdshaders\lightmappedgeneric_dx9_helper.cpp(1583,72): error C2065: 'VECTOR_RENDERPARM_GSTRING_CASCADED_AMBIENT_DELTA': undeclared identifier
D:\PROJECTS\PROGRAMMING\SOURCEMOD\escghn\sp\src\materialsystem\stdshaders\lightmappedgeneric_dx9_helper.cpp(1584,70): error C2065: 'VECTOR_RENDERPARM_GSTRING_CASCADED_AMBIENT_MIN': undeclared identifier
D:\PROJECTS\PROGRAMMING\SOURCEMOD\escghn\sp\src\materialsystem\stdshaders\lightmappedgeneric_dx9_helper.cpp(1592,76): error C2065: 'VECTOR_RENDERPARM_GSTRING_CASCADED_STEP': undeclared identifier
D:\PROJECTS\PROGRAMMING\SOURCEMOD\escghn\sp\src\materialsystem\stdshaders\vertexlitgeneric_dx9_helper.cpp(1263,79): error C2065: 'INT_CASCADED_DEPTHTEXTURE': undeclared identifier
D:\PROJECTS\PROGRAMMING\SOURCEMOD\escghn\sp\src\materialsystem\stdshaders\vertexlitgeneric_dx9_helper.cpp(1267,48): error C2078: too many initializers
D:\PROJECTS\PROGRAMMING\SOURCEMOD\escghn\sp\src\materialsystem\stdshaders\vertexlitgeneric_dx9_helper.cpp(1276,15): error C2039: 'm_bStaticLightVertex': is not a member of 'LightState_t'
      D:\PROJECTS\PROGRAMMING\SOURCEMOD\escghn\sp\src\public\shaderapi\ishaderdynamic.h(35,8):
      see declaration of 'LightState_t'
  
D:\PROJECTS\PROGRAMMING\SOURCEMOD\escghn\sp\src\materialsystem\stdshaders\vertexlitgeneric_dx9_helper.cpp(1277,15): error C2039: 'm_bStaticLightTexel': is not a member of 'LightState_t'
      D:\PROJECTS\PROGRAMMING\SOURCEMOD\escghn\sp\src\public\shaderapi\ishaderdynamic.h(35,8):
      see declaration of 'LightState_t'
  
D:\PROJECTS\PROGRAMMING\SOURCEMOD\escghn\sp\src\materialsystem\stdshaders\vertexlitgeneric_dx9_helper.cpp(1287,59): error C2065: 'TEXTURE_DEBUG_LUXELS': undeclared identifier
D:\PROJECTS\PROGRAMMING\SOURCEMOD\escghn\sp\src\materialsystem\stdshaders\vertexlitgeneric_dx9_helper.cpp(1288,14): error C2039: 'GetTextureDimensions': is not a member of 'CBaseVSShader'
      D:\PROJECTS\PROGRAMMING\SOURCEMOD\escghn\sp\src\materialsystem\stdshaders\BaseVSShader.h(74,7):
      see declaration of 'CBaseVSShader'
  
D:\PROJECTS\PROGRAMMING\SOURCEMOD\escghn\sp\src\materialsystem\stdshaders\vertexlitgeneric_dx9_helper.cpp(1385,16): error C2039: 'm_bStaticLightVertex': is not a member of 'LightState_t'
      D:\PROJECTS\PROGRAMMING\SOURCEMOD\escghn\sp\src\public\shaderapi\ishaderdynamic.h(35,8):
      see declaration of 'LightState_t'
  
D:\PROJECTS\PROGRAMMING\SOURCEMOD\escghn\sp\src\materialsystem\stdshaders\vertexlitgeneric_dx9_helper.cpp(1397,5): error C2039: 'm_bStaticLightVertex': is not a member of 'LightState_t'
      D:\PROJECTS\PROGRAMMING\SOURCEMOD\escghn\sp\src\public\shaderapi\ishaderdynamic.h(35,8):
      see declaration of 'LightState_t'
  
D:\PROJECTS\PROGRAMMING\SOURCEMOD\escghn\sp\src\materialsystem\stdshaders\vertexlitgeneric_dx9_helper.cpp(1397,5): warning C4477: 'printf' : format string '%d' requires an argument of type 'int', but variadic argument 2 has type 'const char *'
D:\PROJECTS\PROGRAMMING\SOURCEMOD\escghn\sp\src\materialsystem\stdshaders\vertexlitgeneric_dx9_helper.cpp(1397,5): warning C4473: 'printf' : not enough arguments passed for format string
      D:\PROJECTS\PROGRAMMING\SOURCEMOD\escghn\sp\src\materialsystem\stdshaders\vertexlitgeneric_dx9_helper.cpp(1397,5):
      placeholders and their parameters expect 3 variadic arguments, but 2 were provided
      D:\PROJECTS\PROGRAMMING\SOURCEMOD\escghn\sp\src\materialsystem\stdshaders\vertexlitgeneric_dx9_helper.cpp(1397,5):
      the missing variadic argument 3 is required by format string '%s'
  
D:\PROJECTS\PROGRAMMING\SOURCEMOD\escghn\sp\src\materialsystem\stdshaders\vertexlitgeneric_dx9_helper.cpp(1398,5): error C2039: 'm_bStaticLightTexel': is not a member of 'LightState_t'
      D:\PROJECTS\PROGRAMMING\SOURCEMOD\escghn\sp\src\public\shaderapi\ishaderdynamic.h(35,8):
      see declaration of 'LightState_t'
  
D:\PROJECTS\PROGRAMMING\SOURCEMOD\escghn\sp\src\materialsystem\stdshaders\vertexlitgeneric_dx9_helper.cpp(1398,5): warning C4477: 'printf' : format string '%d' requires an argument of type 'int', but variadic argument 2 has type 'const char *'
D:\PROJECTS\PROGRAMMING\SOURCEMOD\escghn\sp\src\materialsystem\stdshaders\vertexlitgeneric_dx9_helper.cpp(1398,5): warning C4473: 'printf' : not enough arguments passed for format string
      D:\PROJECTS\PROGRAMMING\SOURCEMOD\escghn\sp\src\materialsystem\stdshaders\vertexlitgeneric_dx9_helper.cpp(1398,5):
      placeholders and their parameters expect 3 variadic arguments, but 2 were provided
      D:\PROJECTS\PROGRAMMING\SOURCEMOD\escghn\sp\src\materialsystem\stdshaders\vertexlitgeneric_dx9_helper.cpp(1398,5):
      the missing variadic argument 3 is required by format string '%s'
  
D:\PROJECTS\PROGRAMMING\SOURCEMOD\escghn\sp\src\materialsystem\stdshaders\vertexlitgeneric_dx9_helper.cpp(1415,6): error C2039: 'm_bStaticLightTexel': is not a member of 'LightState_t'
      D:\PROJECTS\PROGRAMMING\SOURCEMOD\escghn\sp\src\public\shaderapi\ishaderdynamic.h(35,8):
      see declaration of 'LightState_t'
  
D:\PROJECTS\PROGRAMMING\SOURCEMOD\escghn\sp\src\materialsystem\stdshaders\vertexlitgeneric_dx9_helper.cpp(1415,6): warning C4477: 'printf' : format string '%d' requires an argument of type 'int', but variadic argument 2 has type 'const char *'
D:\PROJECTS\PROGRAMMING\SOURCEMOD\escghn\sp\src\materialsystem\stdshaders\vertexlitgeneric_dx9_helper.cpp(1415,6): warning C4473: 'printf' : not enough arguments passed for format string
      D:\PROJECTS\PROGRAMMING\SOURCEMOD\escghn\sp\src\materialsystem\stdshaders\vertexlitgeneric_dx9_helper.cpp(1415,6):
      placeholders and their parameters expect 3 variadic arguments, but 2 were provided
      D:\PROJECTS\PROGRAMMING\SOURCEMOD\escghn\sp\src\materialsystem\stdshaders\vertexlitgeneric_dx9_helper.cpp(1415,6):
      the missing variadic argument 3 is required by format string '%s'
  
D:\PROJECTS\PROGRAMMING\SOURCEMOD\escghn\sp\src\materialsystem\stdshaders\vertexlitgeneric_dx9_helper.cpp(1426,6): error C2039: 'm_bStaticLightTexel': is not a member of 'LightState_t'
      D:\PROJECTS\PROGRAMMING\SOURCEMOD\escghn\sp\src\public\shaderapi\ishaderdynamic.h(35,8):
      see declaration of 'LightState_t'
  
D:\PROJECTS\PROGRAMMING\SOURCEMOD\escghn\sp\src\materialsystem\stdshaders\vertexlitgeneric_dx9_helper.cpp(1426,6): warning C4477: 'printf' : format string '%d' requires an argument of type 'int', but variadic argument 2 has type 'const char *'
D:\PROJECTS\PROGRAMMING\SOURCEMOD\escghn\sp\src\materialsystem\stdshaders\vertexlitgeneric_dx9_helper.cpp(1426,6): warning C4473: 'printf' : not enough arguments passed for format string
      D:\PROJECTS\PROGRAMMING\SOURCEMOD\escghn\sp\src\materialsystem\stdshaders\vertexlitgeneric_dx9_helper.cpp(1426,6):
      placeholders and their parameters expect 3 variadic arguments, but 2 were provided
      D:\PROJECTS\PROGRAMMING\SOURCEMOD\escghn\sp\src\materialsystem\stdshaders\vertexlitgeneric_dx9_helper.cpp(1426,6):
      the missing variadic argument 3 is required by format string '%s'
  
D:\PROJECTS\PROGRAMMING\SOURCEMOD\escghn\sp\src\materialsystem\stdshaders\vertexlitgeneric_dx9_helper.cpp(1443,5): error C2039: 'm_bStaticLightVertex': is not a member of 'LightState_t'
      D:\PROJECTS\PROGRAMMING\SOURCEMOD\escghn\sp\src\public\shaderapi\ishaderdynamic.h(35,8):
      see declaration of 'LightState_t'
  
D:\PROJECTS\PROGRAMMING\SOURCEMOD\escghn\sp\src\materialsystem\stdshaders\vertexlitgeneric_dx9_helper.cpp(1443,5): warning C4477: 'printf' : format string '%d' requires an argument of type 'int', but variadic argument 2 has type 'const char *'
D:\PROJECTS\PROGRAMMING\SOURCEMOD\escghn\sp\src\materialsystem\stdshaders\vertexlitgeneric_dx9_helper.cpp(1443,5): warning C4473: 'printf' : not enough arguments passed for format string
      D:\PROJECTS\PROGRAMMING\SOURCEMOD\escghn\sp\src\materialsystem\stdshaders\vertexlitgeneric_dx9_helper.cpp(1443,5):
      placeholders and their parameters expect 3 variadic arguments, but 2 were provided
      D:\PROJECTS\PROGRAMMING\SOURCEMOD\escghn\sp\src\materialsystem\stdshaders\vertexlitgeneric_dx9_helper.cpp(1443,5):
      the missing variadic argument 3 is required by format string '%s'
  
D:\PROJECTS\PROGRAMMING\SOURCEMOD\escghn\sp\src\materialsystem\stdshaders\vertexlitgeneric_dx9_helper.cpp(1444,5): error C2039: 'm_bStaticLightTexel': is not a member of 'LightState_t'
      D:\PROJECTS\PROGRAMMING\SOURCEMOD\escghn\sp\src\public\shaderapi\ishaderdynamic.h(35,8):
      see declaration of 'LightState_t'
  
D:\PROJECTS\PROGRAMMING\SOURCEMOD\escghn\sp\src\materialsystem\stdshaders\vertexlitgeneric_dx9_helper.cpp(1444,5): warning C4477: 'printf' : format string '%d' requires an argument of type 'int', but variadic argument 2 has type 'const char *'
D:\PROJECTS\PROGRAMMING\SOURCEMOD\escghn\sp\src\materialsystem\stdshaders\vertexlitgeneric_dx9_helper.cpp(1444,5): warning C4473: 'printf' : not enough arguments passed for format string
      D:\PROJECTS\PROGRAMMING\SOURCEMOD\escghn\sp\src\materialsystem\stdshaders\vertexlitgeneric_dx9_helper.cpp(1444,5):
      placeholders and their parameters expect 3 variadic arguments, but 2 were provided
      D:\PROJECTS\PROGRAMMING\SOURCEMOD\escghn\sp\src\materialsystem\stdshaders\vertexlitgeneric_dx9_helper.cpp(1444,5):
      the missing variadic argument 3 is required by format string '%s'
  
D:\PROJECTS\PROGRAMMING\SOURCEMOD\escghn\sp\src\materialsystem\stdshaders\vertexlitgeneric_dx9_helper.cpp(1457,5): error C2039: 'm_bStaticLightTexel': is not a member of 'LightState_t'
      D:\PROJECTS\PROGRAMMING\SOURCEMOD\escghn\sp\src\public\shaderapi\ishaderdynamic.h(35,8):
      see declaration of 'LightState_t'
  
D:\PROJECTS\PROGRAMMING\SOURCEMOD\escghn\sp\src\materialsystem\stdshaders\vertexlitgeneric_dx9_helper.cpp(1457,5): warning C4477: 'printf' : format string '%d' requires an argument of type 'int', but variadic argument 2 has type 'const char *'
D:\PROJECTS\PROGRAMMING\SOURCEMOD\escghn\sp\src\materialsystem\stdshaders\vertexlitgeneric_dx9_helper.cpp(1457,5): warning C4473: 'printf' : not enough arguments passed for format string
      D:\PROJECTS\PROGRAMMING\SOURCEMOD\escghn\sp\src\materialsystem\stdshaders\vertexlitgeneric_dx9_helper.cpp(1457,5):
      placeholders and their parameters expect 3 variadic arguments, but 2 were provided
      D:\PROJECTS\PROGRAMMING\SOURCEMOD\escghn\sp\src\materialsystem\stdshaders\vertexlitgeneric_dx9_helper.cpp(1457,5):
      the missing variadic argument 3 is required by format string '%s'
  
D:\PROJECTS\PROGRAMMING\SOURCEMOD\escghn\sp\src\materialsystem\stdshaders\vertexlitgeneric_dx9_helper.cpp(1529,81): error C2065: 'INT_CASCADED_MATRIX_ADDRESS_0': undeclared identifier
D:\PROJECTS\PROGRAMMING\SOURCEMOD\escghn\sp\src\materialsystem\stdshaders\vertexlitgeneric_dx9_helper.cpp(1532,76): error C2065: 'VECTOR_RENDERPARM_GSTRING_CASCADED_FORWARD': undeclared identifier
D:\PROJECTS\PROGRAMMING\SOURCEMOD\escghn\sp\src\materialsystem\stdshaders\vertexlitgeneric_dx9_helper.cpp(1532,33): error C2530: 'vecCascadedFwd': references must be initialized
D:\PROJECTS\PROGRAMMING\SOURCEMOD\escghn\sp\src\materialsystem\stdshaders\vertexlitgeneric_dx9_helper.cpp(1543,77): error C2065: 'VECTOR_RENDERPARM_GSTRING_CASCADED_STEP': undeclared identifier
D:\PROJECTS\PROGRAMMING\SOURCEMOD\escghn\sp\src\materialsystem\stdshaders\vertexlitgeneric_dx9_helper.cpp(1543,34): error C2530: 'vecCascadedStep': references must be initialized
D:\PROJECTS\PROGRAMMING\SOURCEMOD\escghn\sp\src\materialsystem\stdshaders\vertexlitgeneric_dx9_helper.cpp(1566,69): error C2065: 'VECTOR_RENDERPARM_WIND_DIRECTION': undeclared identifier
D:\PROJECTS\PROGRAMMING\SOURCEMOD\escghn\sp\src\materialsystem\stdshaders\vertexlitgeneric_dx9_helper.cpp(1566,26): error C2530: 'windDir': references must be initialized
