d:\projects\programming\sourcemod\escghn\sp\src\utils\vvis\release\scriplib.obj
d:\projects\programming\sourcemod\escghn\sp\src\utils\vvis\release\vmpi_tools_shared.obj
d:\projects\programming\sourcemod\escghn\sp\src\utils\vvis\release\vvis.obj
d:\projects\programming\sourcemod\escghn\sp\src\utils\vvis\release\mysqldatabase.obj
d:\projects\programming\sourcemod\escghn\sp\src\utils\vvis\release\cmdlib.obj
d:\projects\programming\sourcemod\escghn\sp\src\utils\vvis\release\pacifier.obj
d:\projects\programming\sourcemod\escghn\sp\src\utils\vvis\release\collisionutils.obj
d:\projects\programming\sourcemod\escghn\sp\src\utils\vvis\release\mpivis.obj
d:\projects\programming\sourcemod\escghn\sp\src\utils\vvis\release\scratchpad3d.obj
d:\projects\programming\sourcemod\escghn\sp\src\utils\vvis\release\flow.obj
d:\projects\programming\sourcemod\escghn\sp\src\utils\vvis\release\lumpfiles.obj
d:\projects\programming\sourcemod\escghn\sp\src\utils\vvis\release\filesystem_helpers.obj
d:\projects\programming\sourcemod\escghn\sp\src\utils\vvis\release\zip_utils.obj
d:\projects\programming\sourcemod\escghn\sp\src\utils\vvis\release\threads.obj
d:\projects\programming\sourcemod\escghn\sp\src\utils\vvis\release\scratchpad_helpers.obj
d:\projects\programming\sourcemod\escghn\sp\src\utils\vvis\release\bsplib.obj
d:\projects\programming\sourcemod\escghn\sp\src\utils\vvis\release\tools_minidump.obj
d:\projects\programming\sourcemod\escghn\sp\src\utils\vvis\release\waterdist.obj
d:\projects\programming\sourcemod\escghn\sp\src\utils\vvis\release\mpi_stats.obj
d:\projects\programming\sourcemod\escghn\sp\src\utils\vvis\release\loadcmdline.obj
d:\projects\programming\sourcemod\escghn\sp\src\utils\vvis\release\vc143.pdb
d:\projects\programming\sourcemod\escghn\sp\src\utils\vvis\release\pointeroverride.obj
d:\projects\programming\sourcemod\escghn\sp\src\utils\vvis\vvis_dll.vpc.sentinel
d:\projects\programming\sourcemod\escghn\sp\src\utils\vvis\release\vvis_dll.tlog\cl.22172.write.1.tlog
d:\projects\programming\sourcemod\escghn\sp\src\utils\vvis\release\vvis_dll.tlog\cl.command.1.tlog
d:\projects\programming\sourcemod\escghn\sp\src\utils\vvis\release\vvis_dll.tlog\cl.read.1.tlog
d:\projects\programming\sourcemod\escghn\sp\src\utils\vvis\release\vvis_dll.tlog\custombuild.command.1.tlog
d:\projects\programming\sourcemod\escghn\sp\src\utils\vvis\release\vvis_dll.tlog\custombuild.read.1.tlog
d:\projects\programming\sourcemod\escghn\sp\src\utils\vvis\release\vvis_dll.tlog\custombuild.write.1.tlog
d:\projects\programming\sourcemod\escghn\sp\src\utils\vvis\release\vvis_dll.tlog\link.command.1.tlog
d:\projects\programming\sourcemod\escghn\sp\src\utils\vvis\release\vvis_dll.tlog\link.read.1.tlog
d:\projects\programming\sourcemod\escghn\sp\src\utils\vvis\release\vvis_dll.tlog\link.write.1.tlog
