d:\projects\programming\sourcemod\escghn\sp\src\materialsystem\stdshaders\release_dx9_mod_hl2\light_volumetrics.obj
d:\projects\programming\sourcemod\escghn\sp\src\materialsystem\stdshaders\release_dx9_mod_hl2\splinerope.obj
d:\projects\programming\sourcemod\escghn\sp\src\materialsystem\stdshaders\release_dx9_mod_hl2\shadowbuild_dx9.obj
d:\projects\programming\sourcemod\escghn\sp\src\materialsystem\stdshaders\release_dx9_mod_hl2\lightmappedgeneric_dx9.obj
d:\projects\programming\sourcemod\escghn\sp\src\materialsystem\stdshaders\release_dx9_mod_hl2\cloak_blended_pass_helper.obj
d:\projects\programming\sourcemod\escghn\sp\src\materialsystem\stdshaders\release_dx9_mod_hl2\screenspace_general.obj
d:\projects\programming\sourcemod\escghn\sp\src\materialsystem\stdshaders\release_dx9_mod_hl2\refract_dx9_helper.obj
d:\projects\programming\sourcemod\escghn\sp\src\materialsystem\stdshaders\release_dx9_mod_hl2\example_model_dx9.obj
d:\projects\programming\sourcemod\escghn\sp\src\materialsystem\stdshaders\release_dx9_mod_hl2\emissive_scroll_blended_pass_helper.obj
d:\projects\programming\sourcemod\escghn\sp\src\materialsystem\stdshaders\release_dx9_mod_hl2\worldvertextransition.obj
d:\projects\programming\sourcemod\escghn\sp\src\materialsystem\stdshaders\release_dx9_mod_hl2\shadow.obj
d:\projects\programming\sourcemod\escghn\sp\src\materialsystem\stdshaders\release_dx9_mod_hl2\basevsshader.obj
d:\projects\programming\sourcemod\escghn\sp\src\materialsystem\stdshaders\release_dx9_mod_hl2\vertexlitgeneric_dx9.obj
d:\projects\programming\sourcemod\escghn\sp\src\materialsystem\stdshaders\release_dx9_mod_hl2\refract.obj
d:\projects\programming\sourcemod\escghn\sp\src\materialsystem\stdshaders\release_dx9_mod_hl2\shadowmodel_dx9.obj
d:\projects\programming\sourcemod\escghn\sp\src\materialsystem\stdshaders\release_dx9_mod_hl2\bloom.obj
d:\projects\programming\sourcemod\escghn\sp\src\materialsystem\stdshaders\release_dx9_mod_hl2\water.obj
d:\projects\programming\sourcemod\escghn\sp\src\materialsystem\stdshaders\release_dx9_mod_hl2\example_model_dx9_helper.obj
d:\projects\programming\sourcemod\escghn\sp\src\materialsystem\stdshaders\release_dx9_mod_hl2\pointeroverride.obj
d:\projects\programming\sourcemod\escghn\sp\src\materialsystem\stdshaders\game_shader_dx9_hl2.vpc.sentinel
d:\projects\programming\sourcemod\escghn\sp\src\materialsystem\stdshaders\release_dx9_mod_hl2\vc143.pdb
d:\projects\programming\sourcemod\escghn\sp\src\materialsystem\stdshaders\release_dx9_mod_hl2\shaders (hl2).tlog\cl.14652.write.1.tlog
d:\projects\programming\sourcemod\escghn\sp\src\materialsystem\stdshaders\release_dx9_mod_hl2\shaders (hl2).tlog\cl.command.1.tlog
d:\projects\programming\sourcemod\escghn\sp\src\materialsystem\stdshaders\release_dx9_mod_hl2\shaders (hl2).tlog\cl.read.1.tlog
d:\projects\programming\sourcemod\escghn\sp\src\materialsystem\stdshaders\release_dx9_mod_hl2\shaders (hl2).tlog\custombuild.command.1.tlog
d:\projects\programming\sourcemod\escghn\sp\src\materialsystem\stdshaders\release_dx9_mod_hl2\shaders (hl2).tlog\custombuild.read.1.tlog
d:\projects\programming\sourcemod\escghn\sp\src\materialsystem\stdshaders\release_dx9_mod_hl2\shaders (hl2).tlog\custombuild.write.1.tlog
